2003.07.16 17:39 B d:\usr\dorn2\matlab\chromtrack\ct\spotDetector\autospfinder.m --> bioweb.mit.edu /filelibrary/zurich/latestBuild/ct/AMG/spotDetector autospfinder.m
2003.07.16 17:40 B d:\usr\dorn2\matlab\chromtrack\ct\spotDetector\autospfinder.m --> bioweb.mit.edu /filelibrary/zurich/latestBuild/ct/AMG/spotDetector/spotDetector autospfinder.m
2003.07.16 17:40 B d:\usr\dorn2\matlab\chromtrack\ct\spotDetector\coordmask.m --> bioweb.mit.edu /filelibrary/zurich/latestBuild/ct/AMG/spotDetector/spotDetector coordmask.m
2003.07.16 17:40 B d:\usr\dorn2\matlab\chromtrack\ct\spotDetector\curvature3D.m --> bioweb.mit.edu /filelibrary/zurich/latestBuild/ct/AMG/spotDetector/spotDetector curvature3D.m
2003.07.16 17:40 B d:\usr\dorn2\matlab\chromtrack\ct\spotDetector\cutcumhist.m --> bioweb.mit.edu /filelibrary/zurich/latestBuild/ct/AMG/spotDetector/spotDetector cutcumhist.m
2003.07.16 17:40 B d:\usr\dorn2\matlab\chromtrack\ct\spotDetector\discernspots.m --> bioweb.mit.edu /filelibrary/zurich/latestBuild/ct/AMG/spotDetector/spotDetector discernspots.m
2003.07.16 17:40 B d:\usr\dorn2\matlab\chromtrack\ct\spotDetector\distTestError.m --> bioweb.mit.edu /filelibrary/zurich/latestBuild/ct/AMG/spotDetector/spotDetector distTestError.m
2003.07.16 17:40 B d:\usr\dorn2\matlab\chromtrack\ct\spotDetector\fillSphereData.m --> bioweb.mit.edu /filelibrary/zurich/latestBuild/ct/AMG/spotDetector/spotDetector fillSphereData.m
2003.07.16 17:40 B d:\usr\dorn2\matlab\chromtrack\ct\spotDetector\filtermovie.m --> bioweb.mit.edu /filelibrary/zurich/latestBuild/ct/AMG/spotDetector/spotDetector filtermovie.m
2003.07.16 17:40 B d:\usr\dorn2\matlab\chromtrack\ct\spotDetector\findoverlap.m --> bioweb.mit.edu /filelibrary/zurich/latestBuild/ct/AMG/spotDetector/spotDetector findoverlap.m
2003.07.16 17:40 B d:\usr\dorn2\matlab\chromtrack\ct\spotDetector\fitTest.m --> bioweb.mit.edu /filelibrary/zurich/latestBuild/ct/AMG/spotDetector/spotDetector fitTest.m
2003.07.16 17:40 B d:\usr\dorn2\matlab\chromtrack\ct\spotDetector\multiGauss.m --> bioweb.mit.edu /filelibrary/zurich/latestBuild/ct/AMG/spotDetector/spotDetector multiGauss.m
2003.07.16 17:40 B d:\usr\dorn2\matlab\chromtrack\ct\spotDetector\multiGaussFit.m --> bioweb.mit.edu /filelibrary/zurich/latestBuild/ct/AMG/spotDetector/spotDetector multiGaussFit.m
2003.07.16 17:40 B d:\usr\dorn2\matlab\chromtrack\ct\spotDetector\spotfind.m --> bioweb.mit.edu /filelibrary/zurich/latestBuild/ct/AMG/spotDetector/spotDetector spotfind.m
2003.07.16 17:40 B d:\usr\dorn2\matlab\chromtrack\ct\spotDetector\spotfinder.fig --> bioweb.mit.edu /filelibrary/zurich/latestBuild/ct/AMG/spotDetector/spotDetector spotfinder.fig
2003.07.16 17:40 B d:\usr\dorn2\matlab\chromtrack\ct\spotDetector\spotfinder.m --> bioweb.mit.edu /filelibrary/zurich/latestBuild/ct/AMG/spotDetector/spotDetector spotfinder.m
2003.07.16 17:40 B d:\usr\dorn2\matlab\chromtrack\ct\spotDetector\testdistance.m --> bioweb.mit.edu /filelibrary/zurich/latestBuild/ct/AMG/spotDetector/spotDetector testdistance.m
2003.07.16 17:40 B d:\usr\dorn2\matlab\chromtrack\ct\spotDetector\WS_FTP.LOG --> bioweb.mit.edu /filelibrary/zurich/latestBuild/ct/AMG/spotDetector/spotDetector WS_FTP.LOG
2003.07.16 17:43 B d:\usr\dorn2\matlab\chromtrack\ct\spotDetector\autospfinder.m --> bioweb.mit.edu /filelibrary/zurich/latestBuild/ct/spotDetector autospfinder.m
2003.07.16 17:43 B d:\usr\dorn2\matlab\chromtrack\ct\spotDetector\coordmask.m --> bioweb.mit.edu /filelibrary/zurich/latestBuild/ct/spotDetector coordmask.m
2003.07.16 17:43 B d:\usr\dorn2\matlab\chromtrack\ct\spotDetector\curvature3D.m --> bioweb.mit.edu /filelibrary/zurich/latestBuild/ct/spotDetector curvature3D.m
2003.07.16 17:43 B d:\usr\dorn2\matlab\chromtrack\ct\spotDetector\cutcumhist.m --> bioweb.mit.edu /filelibrary/zurich/latestBuild/ct/spotDetector cutcumhist.m
2003.07.16 17:43 B d:\usr\dorn2\matlab\chromtrack\ct\spotDetector\discernspots.m --> bioweb.mit.edu /filelibrary/zurich/latestBuild/ct/spotDetector discernspots.m
2003.07.16 17:43 B d:\usr\dorn2\matlab\chromtrack\ct\spotDetector\distTestError.m --> bioweb.mit.edu /filelibrary/zurich/latestBuild/ct/spotDetector distTestError.m
2003.07.16 17:43 B d:\usr\dorn2\matlab\chromtrack\ct\spotDetector\fillSphereData.m --> bioweb.mit.edu /filelibrary/zurich/latestBuild/ct/spotDetector fillSphereData.m
2003.07.16 17:43 B d:\usr\dorn2\matlab\chromtrack\ct\spotDetector\filtermovie.m --> bioweb.mit.edu /filelibrary/zurich/latestBuild/ct/spotDetector filtermovie.m
2003.07.16 17:43 B d:\usr\dorn2\matlab\chromtrack\ct\spotDetector\findoverlap.m --> bioweb.mit.edu /filelibrary/zurich/latestBuild/ct/spotDetector findoverlap.m
2003.07.16 17:43 B d:\usr\dorn2\matlab\chromtrack\ct\spotDetector\fitTest.m --> bioweb.mit.edu /filelibrary/zurich/latestBuild/ct/spotDetector fitTest.m
2003.07.16 17:43 B d:\usr\dorn2\matlab\chromtrack\ct\spotDetector\multiGauss.m --> bioweb.mit.edu /filelibrary/zurich/latestBuild/ct/spotDetector multiGauss.m
2003.07.16 17:43 B d:\usr\dorn2\matlab\chromtrack\ct\spotDetector\multiGaussFit.m --> bioweb.mit.edu /filelibrary/zurich/latestBuild/ct/spotDetector multiGaussFit.m
2003.07.16 17:43 B d:\usr\dorn2\matlab\chromtrack\ct\spotDetector\spotfind.m --> bioweb.mit.edu /filelibrary/zurich/latestBuild/ct/spotDetector spotfind.m
2003.07.16 17:43 B d:\usr\dorn2\matlab\chromtrack\ct\spotDetector\spotfinder.fig --> bioweb.mit.edu /filelibrary/zurich/latestBuild/ct/spotDetector spotfinder.fig
2003.07.16 17:43 B d:\usr\dorn2\matlab\chromtrack\ct\spotDetector\spotfinder.m --> bioweb.mit.edu /filelibrary/zurich/latestBuild/ct/spotDetector spotfinder.m
2003.07.16 17:43 B d:\usr\dorn2\matlab\chromtrack\ct\spotDetector\testdistance.m --> bioweb.mit.edu /filelibrary/zurich/latestBuild/ct/spotDetector testdistance.m
2003.07.16 17:43 B d:\usr\dorn2\matlab\chromtrack\ct\spotDetector\WS_FTP.LOG --> bioweb.mit.edu /filelibrary/zurich/latestBuild/ct/spotDetector WS_FTP.LOG
2003.07.18 14:56 B d:\usr\dorn2\matlab\chromtrack\ct\spotDetector\autospfinder.m --> bioweb.mit.edu /filelibrary/zurich/latest build/ct/spotDetector autospfinder.m
2003.07.18 14:56 B d:\usr\dorn2\matlab\chromtrack\ct\spotDetector\coordmask.m --> bioweb.mit.edu /filelibrary/zurich/latest build/ct/spotDetector coordmask.m
2003.07.18 14:56 B d:\usr\dorn2\matlab\chromtrack\ct\spotDetector\curvature3D.m --> bioweb.mit.edu /filelibrary/zurich/latest build/ct/spotDetector curvature3D.m
2003.07.18 14:56 B d:\usr\dorn2\matlab\chromtrack\ct\spotDetector\cutcumhist.m --> bioweb.mit.edu /filelibrary/zurich/latest build/ct/spotDetector cutcumhist.m
2003.07.18 14:56 B d:\usr\dorn2\matlab\chromtrack\ct\spotDetector\discernspots.m --> bioweb.mit.edu /filelibrary/zurich/latest build/ct/spotDetector discernspots.m
2003.07.18 14:56 B d:\usr\dorn2\matlab\chromtrack\ct\spotDetector\distTestError.m --> bioweb.mit.edu /filelibrary/zurich/latest build/ct/spotDetector distTestError.m
2003.07.18 14:56 B d:\usr\dorn2\matlab\chromtrack\ct\spotDetector\fillSphereData.m --> bioweb.mit.edu /filelibrary/zurich/latest build/ct/spotDetector fillSphereData.m
2003.07.18 14:56 B d:\usr\dorn2\matlab\chromtrack\ct\spotDetector\filtermovie.m --> bioweb.mit.edu /filelibrary/zurich/latest build/ct/spotDetector filtermovie.m
2003.07.18 14:56 B d:\usr\dorn2\matlab\chromtrack\ct\spotDetector\findoverlap.m --> bioweb.mit.edu /filelibrary/zurich/latest build/ct/spotDetector findoverlap.m
2003.07.18 14:56 B d:\usr\dorn2\matlab\chromtrack\ct\spotDetector\fitTest.m --> bioweb.mit.edu /filelibrary/zurich/latest build/ct/spotDetector fitTest.m
2003.07.18 14:56 B d:\usr\dorn2\matlab\chromtrack\ct\spotDetector\multiGauss.m --> bioweb.mit.edu /filelibrary/zurich/latest build/ct/spotDetector multiGauss.m
2003.07.18 14:56 B d:\usr\dorn2\matlab\chromtrack\ct\spotDetector\multiGaussFit.m --> bioweb.mit.edu /filelibrary/zurich/latest build/ct/spotDetector multiGaussFit.m
2003.07.18 14:56 B d:\usr\dorn2\matlab\chromtrack\ct\spotDetector\spotfind.m --> bioweb.mit.edu /filelibrary/zurich/latest build/ct/spotDetector spotfind.m
2003.07.18 14:56 B d:\usr\dorn2\matlab\chromtrack\ct\spotDetector\spotfinder.fig --> bioweb.mit.edu /filelibrary/zurich/latest build/ct/spotDetector spotfinder.fig
2003.07.18 14:56 B d:\usr\dorn2\matlab\chromtrack\ct\spotDetector\spotfinder.m --> bioweb.mit.edu /filelibrary/zurich/latest build/ct/spotDetector spotfinder.m
2003.07.18 14:56 B d:\usr\dorn2\matlab\chromtrack\ct\spotDetector\testdistance.m --> bioweb.mit.edu /filelibrary/zurich/latest build/ct/spotDetector testdistance.m
2003.07.18 14:56 B d:\usr\dorn2\matlab\chromtrack\ct\spotDetector\WS_FTP.LOG --> bioweb.mit.edu /filelibrary/zurich/latest build/ct/spotDetector WS_FTP.LOG
