2003.07.16 17:40 B d:\usr\dorn2\matlab\chromtrack\ct\ctgui\spLabel\3DView\selectTagGUI.fig --> bioweb.mit.edu /filelibrary/zurich/latestBuild/ct/AMG/spotDetector/ctgui/spLabel/3DView selectTagGUI.fig
2003.07.16 17:40 B d:\usr\dorn2\matlab\chromtrack\ct\ctgui\spLabel\3DView\selectTagGUI.m --> bioweb.mit.edu /filelibrary/zurich/latestBuild/ct/AMG/spotDetector/ctgui/spLabel/3DView selectTagGUI.m
2003.07.16 17:40 B d:\usr\dorn2\matlab\chromtrack\ct\ctgui\spLabel\3DView\view3D.fig --> bioweb.mit.edu /filelibrary/zurich/latestBuild/ct/AMG/spotDetector/ctgui/spLabel/3DView view3D.fig
2003.07.16 17:40 B d:\usr\dorn2\matlab\chromtrack\ct\ctgui\spLabel\3DView\view3D.m --> bioweb.mit.edu /filelibrary/zurich/latestBuild/ct/AMG/spotDetector/ctgui/spLabel/3DView view3D.m
2003.07.16 17:40 B d:\usr\dorn2\matlab\chromtrack\ct\ctgui\spLabel\3DView\view3D_calcAxis.m --> bioweb.mit.edu /filelibrary/zurich/latestBuild/ct/AMG/spotDetector/ctgui/spLabel/3DView view3D_calcAxis.m
2003.07.16 17:40 B d:\usr\dorn2\matlab\chromtrack\ct\ctgui\spLabel\3DView\view3D_calcMetaphaseAlign.m --> bioweb.mit.edu /filelibrary/zurich/latestBuild/ct/AMG/spotDetector/ctgui/spLabel/3DView view3D_calcMetaphaseAlign.m
2003.07.16 17:40 B d:\usr\dorn2\matlab\chromtrack\ct\ctgui\spLabel\3DView\view3D_calcRotMat.m --> bioweb.mit.edu /filelibrary/zurich/latestBuild/ct/AMG/spotDetector/ctgui/spLabel/3DView view3D_calcRotMat.m
2003.07.16 17:40 B d:\usr\dorn2\matlab\chromtrack\ct\ctgui\spLabel\3DView\view3D_generateHandles.m --> bioweb.mit.edu /filelibrary/zurich/latestBuild/ct/AMG/spotDetector/ctgui/spLabel/3DView view3D_generateHandles.m
2003.07.16 17:40 B d:\usr\dorn2\matlab\chromtrack\ct\ctgui\spLabel\3DView\view3D_refresh.m --> bioweb.mit.edu /filelibrary/zurich/latestBuild/ct/AMG/spotDetector/ctgui/spLabel/3DView view3D_refresh.m
2003.07.16 17:42 B d:\usr\dorn2\matlab\chromtrack\ct\ctgui\spLabel\3DView\selectTagGUI.fig --> bioweb.mit.edu /filelibrary/zurich/latestBuild/ct/ctgui/spLabel/3DView selectTagGUI.fig
2003.07.16 17:42 B d:\usr\dorn2\matlab\chromtrack\ct\ctgui\spLabel\3DView\selectTagGUI.m --> bioweb.mit.edu /filelibrary/zurich/latestBuild/ct/ctgui/spLabel/3DView selectTagGUI.m
2003.07.16 17:42 B d:\usr\dorn2\matlab\chromtrack\ct\ctgui\spLabel\3DView\view3D.fig --> bioweb.mit.edu /filelibrary/zurich/latestBuild/ct/ctgui/spLabel/3DView view3D.fig
2003.07.16 17:42 B d:\usr\dorn2\matlab\chromtrack\ct\ctgui\spLabel\3DView\view3D.m --> bioweb.mit.edu /filelibrary/zurich/latestBuild/ct/ctgui/spLabel/3DView view3D.m
2003.07.16 17:42 B d:\usr\dorn2\matlab\chromtrack\ct\ctgui\spLabel\3DView\view3D_calcAxis.m --> bioweb.mit.edu /filelibrary/zurich/latestBuild/ct/ctgui/spLabel/3DView view3D_calcAxis.m
2003.07.16 17:42 B d:\usr\dorn2\matlab\chromtrack\ct\ctgui\spLabel\3DView\view3D_calcMetaphaseAlign.m --> bioweb.mit.edu /filelibrary/zurich/latestBuild/ct/ctgui/spLabel/3DView view3D_calcMetaphaseAlign.m
2003.07.16 17:42 B d:\usr\dorn2\matlab\chromtrack\ct\ctgui\spLabel\3DView\view3D_calcRotMat.m --> bioweb.mit.edu /filelibrary/zurich/latestBuild/ct/ctgui/spLabel/3DView view3D_calcRotMat.m
2003.07.16 17:42 B d:\usr\dorn2\matlab\chromtrack\ct\ctgui\spLabel\3DView\view3D_generateHandles.m --> bioweb.mit.edu /filelibrary/zurich/latestBuild/ct/ctgui/spLabel/3DView view3D_generateHandles.m
2003.07.16 17:42 B d:\usr\dorn2\matlab\chromtrack\ct\ctgui\spLabel\3DView\view3D_refresh.m --> bioweb.mit.edu /filelibrary/zurich/latestBuild/ct/ctgui/spLabel/3DView view3D_refresh.m
2003.07.16 17:42 B d:\usr\dorn2\matlab\chromtrack\ct\ctgui\spLabel\3DView\WS_FTP.LOG --> bioweb.mit.edu /filelibrary/zurich/latestBuild/ct/ctgui/spLabel/3DView WS_FTP.LOG
2003.07.18 14:56 B d:\usr\dorn2\matlab\chromtrack\ct\ctgui\spLabel\3DView\selectTagGUI.fig --> bioweb.mit.edu /filelibrary/zurich/latest build/ct/ctgui/spLabel/3DView selectTagGUI.fig
2003.07.18 14:56 B d:\usr\dorn2\matlab\chromtrack\ct\ctgui\spLabel\3DView\selectTagGUI.m --> bioweb.mit.edu /filelibrary/zurich/latest build/ct/ctgui/spLabel/3DView selectTagGUI.m
2003.07.18 14:56 B d:\usr\dorn2\matlab\chromtrack\ct\ctgui\spLabel\3DView\view3D.fig --> bioweb.mit.edu /filelibrary/zurich/latest build/ct/ctgui/spLabel/3DView view3D.fig
2003.07.18 14:56 B d:\usr\dorn2\matlab\chromtrack\ct\ctgui\spLabel\3DView\view3D.m --> bioweb.mit.edu /filelibrary/zurich/latest build/ct/ctgui/spLabel/3DView view3D.m
2003.07.18 14:56 B d:\usr\dorn2\matlab\chromtrack\ct\ctgui\spLabel\3DView\view3D_calcAxis.m --> bioweb.mit.edu /filelibrary/zurich/latest build/ct/ctgui/spLabel/3DView view3D_calcAxis.m
2003.07.18 14:56 B d:\usr\dorn2\matlab\chromtrack\ct\ctgui\spLabel\3DView\view3D_calcMetaphaseAlign.m --> bioweb.mit.edu /filelibrary/zurich/latest build/ct/ctgui/spLabel/3DView view3D_calcMetaphaseAlign.m
2003.07.18 14:56 B d:\usr\dorn2\matlab\chromtrack\ct\ctgui\spLabel\3DView\view3D_calcRotMat.m --> bioweb.mit.edu /filelibrary/zurich/latest build/ct/ctgui/spLabel/3DView view3D_calcRotMat.m
2003.07.18 14:56 B d:\usr\dorn2\matlab\chromtrack\ct\ctgui\spLabel\3DView\view3D_generateHandles.m --> bioweb.mit.edu /filelibrary/zurich/latest build/ct/ctgui/spLabel/3DView view3D_generateHandles.m
2003.07.18 14:56 B d:\usr\dorn2\matlab\chromtrack\ct\ctgui\spLabel\3DView\view3D_refresh.m --> bioweb.mit.edu /filelibrary/zurich/latest build/ct/ctgui/spLabel/3DView view3D_refresh.m
2003.07.18 14:56 B d:\usr\dorn2\matlab\chromtrack\ct\ctgui\spLabel\3DView\WS_FTP.LOG --> bioweb.mit.edu /filelibrary/zurich/latest build/ct/ctgui/spLabel/3DView WS_FTP.LOG
