cd /home2/azaritsky/code/applications/monolayer/jobDistributionScriptHall


commandline arguments:
/home2/azaritsky/code/applications/monolayer/jobDistributionScriptHall
runHallOneAtATime
257

matlab -nodisplay -nodesktop -nosplash -singleCompThread -r runHallOneAtATime(257);


                            < M A T L A B (R) >
                  Copyright 1984-2013 The MathWorks, Inc.
                    R2013b (8.2.0.701) 64-bit (glnxa64)
                              August 13, 2013

 
To get started, type one of these: helpwin, helpdesk, or demo.
For product information, visit www.mathworks.com.
 
processing Yunyu_20140405_16hr_5min_0001_AB02_01
correcting motion estimation frame 1
correcting motion estimation frame 2
correcting motion estimation frame 3
correcting motion estimation frame 4
correcting motion estimation frame 5
correcting motion estimation frame 6
correcting motion estimation frame 7
correcting motion estimation frame 8
correcting motion estimation frame 9
correcting motion estimation frame 10
correcting motion estimation frame 11
correcting motion estimation frame 12
correcting motion estimation frame 13
correcting motion estimation frame 14
correcting motion estimation frame 15
correcting motion estimation frame 16
correcting motion estimation frame 17
correcting motion estimation frame 18
correcting motion estimation frame 19
correcting motion estimation frame 20
correcting motion estimation frame 21
correcting motion estimation frame 22
correcting motion estimation frame 23
correcting motion estimation frame 24
correcting motion estimation frame 25
correcting motion estimation frame 26
correcting motion estimation frame 27
correcting motion estimation frame 28
correcting motion estimation frame 29
correcting motion estimation frame 30
>> 