cd /home2/azaritsky/code/applications/monolayer/jobDistributionScriptHall


commandline arguments:
/home2/azaritsky/code/applications/monolayer/jobDistributionScriptHall
runHallOneAtATime
865

matlab -nodisplay -nodesktop -nosplash -singleCompThread -r runHallOneAtATime(865);


                            < M A T L A B (R) >
                  Copyright 1984-2013 The MathWorks, Inc.
                    R2013b (8.2.0.701) 64-bit (glnxa64)
                              August 13, 2013

 
To get started, type one of these: helpwin, helpdesk, or demo.
For product information, visit www.mathworks.com.
 
processing Yunyu_20140904_16hr_5min_0002_AB01_04
correcting motion estimation frame 1
correcting motion estimation frame 2
correcting motion estimation frame 3
correcting motion estimation frame 4
correcting motion estimation frame 5
correcting motion estimation frame 6
correcting motion estimation frame 7
correcting motion estimation frame 8
correcting motion estimation frame 9
correcting motion estimation frame 10
correcting motion estimation frame 11
correcting motion estimation frame 12
correcting motion estimation frame 13
correcting motion estimation frame 14
correcting motion estimation frame 15
correcting motion estimation frame 16
correcting motion estimation frame 17
correcting motion estimation frame 18
correcting motion estimation frame 19
correcting motion estimation frame 20
correcting motion estimation frame 21
correcting motion estimation frame 22
correcting motion estimation frame 23
correcting motion estimation frame 24
correcting motion estimation frame 25
correcting motion estimation frame 26
correcting motion estimation frame 27
correcting motion estimation frame 28
correcting motion estimation frame 29
correcting motion estimation frame 30
correcting motion estimation frame 31
correcting motion estimation frame 32
correcting motion estimation frame 33
correcting motion estimation frame 34
correcting motion estimation frame 35
correcting motion estimation frame 36
correcting motion estimation frame 37
correcting motion estimation frame 38
correcting motion estimation frame 39
correcting motion estimation frame 40
correcting motion estimation frame 41
correcting motion estimation frame 42
correcting motion estimation frame 43
correcting motion estimation frame 44
correcting motion estimation frame 45
correcting motion estimation frame 46
correcting motion estimation frame 47
correcting motion estimation frame 48
correcting motion estimation frame 49
correcting motion estimation frame 50
correcting motion estimation frame 51
correcting motion estimation frame 52
correcting motion estimation frame 53
correcting motion estimation frame 54
correcting motion estimation frame 55
correcting motion estimation frame 56
correcting motion estimation frame 57
correcting motion estimation frame 58
correcting motion estimation frame 59
correcting motion estimation frame 60
correcting motion estimation frame 61
correcting motion estimation frame 62
correcting motion estimation frame 63
correcting motion estimation frame 64
correcting motion estimation frame 65
correcting motion estimation frame 66
correcting motion estimation frame 67
correcting motion estimation frame 68
correcting motion estimation frame 69
correcting motion estimation frame 70
correcting motion estimation frame 71
correcting motion estimation frame 72
correcting motion estimation frame 73
correcting motion estimation frame 74
correcting motion estimation frame 75
correcting motion estimation frame 76
correcting motion estimation frame 77
correcting motion estimation frame 78
correcting motion estimation frame 79
correcting motion estimation frame 80
correcting motion estimation frame 81
correcting motion estimation frame 82
correcting motion estimation frame 83
correcting motion estimation frame 84
correcting motion estimation frame 85
correcting motion estimation frame 86
correcting motion estimation frame 87
correcting motion estimation frame 88
correcting motion estimation frame 89
correcting motion estimation frame 90
correcting motion estimation frame 91
correcting motion estimation frame 92
correcting motion estimation frame 93
correcting motion estimation frame 94
correcting motion estimation frame 95
correcting motion estimation frame 96
correcting motion estimation frame 97
correcting motion estimation frame 98
correcting motion estimation frame 99
starting coordination
start kymographs
start plot kymographs
finish plot kymographs
start plot kymographs
finish plot kymographs
start plot kymographs
finish plot kymographs
start plot kymographs
finish plot kymographs
>> 