2003.07.16 17:40 B d:\usr\dorn2\matlab\chromtrack\ct\ctgui\spLabel\reLinkGUI\reLink_CurrTB_spot_CB.m --> bioweb.mit.edu /filelibrary/zurich/latestBuild/ct/AMG/spotDetector/ctgui/spLabel/reLinkGUI reLink_CurrTB_spot_CB.m
2003.07.16 17:40 B d:\usr\dorn2\matlab\chromtrack\ct\ctgui\spLabel\reLinkGUI\reLink_CurrTB_tag_CB.m --> bioweb.mit.edu /filelibrary/zurich/latestBuild/ct/AMG/spotDetector/ctgui/spLabel/reLinkGUI reLink_CurrTB_tag_CB.m
2003.07.16 17:40 B d:\usr\dorn2\matlab\chromtrack\ct\ctgui\spLabel\reLinkGUI\reLink_NextTB_CB.m --> bioweb.mit.edu /filelibrary/zurich/latestBuild/ct/AMG/spotDetector/ctgui/spLabel/reLinkGUI reLink_NextTB_CB.m
2003.07.16 17:40 B d:\usr\dorn2\matlab\chromtrack\ct\ctgui\spLabel\reLinkGUI\reLink_PrevTB_CB.m --> bioweb.mit.edu /filelibrary/zurich/latestBuild/ct/AMG/spotDetector/ctgui/spLabel/reLinkGUI reLink_PrevTB_CB.m
2003.07.16 17:40 B d:\usr\dorn2\matlab\chromtrack\ct\ctgui\spLabel\reLinkGUI\reLinkGUI.fig --> bioweb.mit.edu /filelibrary/zurich/latestBuild/ct/AMG/spotDetector/ctgui/spLabel/reLinkGUI reLinkGUI.fig
2003.07.16 17:40 B d:\usr\dorn2\matlab\chromtrack\ct\ctgui\spLabel\reLinkGUI\reLinkGUI.m --> bioweb.mit.edu /filelibrary/zurich/latestBuild/ct/AMG/spotDetector/ctgui/spLabel/reLinkGUI reLinkGUI.m
2003.07.16 17:42 B d:\usr\dorn2\matlab\chromtrack\ct\ctgui\spLabel\reLinkGUI\reLink_CurrTB_spot_CB.m --> bioweb.mit.edu /filelibrary/zurich/latestBuild/ct/ctgui/spLabel/reLinkGUI reLink_CurrTB_spot_CB.m
2003.07.16 17:42 B d:\usr\dorn2\matlab\chromtrack\ct\ctgui\spLabel\reLinkGUI\reLink_CurrTB_tag_CB.m --> bioweb.mit.edu /filelibrary/zurich/latestBuild/ct/ctgui/spLabel/reLinkGUI reLink_CurrTB_tag_CB.m
2003.07.16 17:42 B d:\usr\dorn2\matlab\chromtrack\ct\ctgui\spLabel\reLinkGUI\reLink_NextTB_CB.m --> bioweb.mit.edu /filelibrary/zurich/latestBuild/ct/ctgui/spLabel/reLinkGUI reLink_NextTB_CB.m
2003.07.16 17:42 B d:\usr\dorn2\matlab\chromtrack\ct\ctgui\spLabel\reLinkGUI\reLink_PrevTB_CB.m --> bioweb.mit.edu /filelibrary/zurich/latestBuild/ct/ctgui/spLabel/reLinkGUI reLink_PrevTB_CB.m
2003.07.16 17:43 B d:\usr\dorn2\matlab\chromtrack\ct\ctgui\spLabel\reLinkGUI\reLinkGUI.fig --> bioweb.mit.edu /filelibrary/zurich/latestBuild/ct/ctgui/spLabel/reLinkGUI reLinkGUI.fig
2003.07.16 17:43 B d:\usr\dorn2\matlab\chromtrack\ct\ctgui\spLabel\reLinkGUI\reLinkGUI.m --> bioweb.mit.edu /filelibrary/zurich/latestBuild/ct/ctgui/spLabel/reLinkGUI reLinkGUI.m
2003.07.16 17:43 B d:\usr\dorn2\matlab\chromtrack\ct\ctgui\spLabel\reLinkGUI\WS_FTP.LOG --> bioweb.mit.edu /filelibrary/zurich/latestBuild/ct/ctgui/spLabel/reLinkGUI WS_FTP.LOG
2003.07.18 14:56 B d:\usr\dorn2\matlab\chromtrack\ct\ctgui\spLabel\reLinkGUI\reLink_CurrTB_spot_CB.m --> bioweb.mit.edu /filelibrary/zurich/latest build/ct/ctgui/spLabel/reLinkGUI reLink_CurrTB_spot_CB.m
2003.07.18 14:56 B d:\usr\dorn2\matlab\chromtrack\ct\ctgui\spLabel\reLinkGUI\reLink_CurrTB_tag_CB.m --> bioweb.mit.edu /filelibrary/zurich/latest build/ct/ctgui/spLabel/reLinkGUI reLink_CurrTB_tag_CB.m
2003.07.18 14:56 B d:\usr\dorn2\matlab\chromtrack\ct\ctgui\spLabel\reLinkGUI\reLink_NextTB_CB.m --> bioweb.mit.edu /filelibrary/zurich/latest build/ct/ctgui/spLabel/reLinkGUI reLink_NextTB_CB.m
2003.07.18 14:56 B d:\usr\dorn2\matlab\chromtrack\ct\ctgui\spLabel\reLinkGUI\reLink_PrevTB_CB.m --> bioweb.mit.edu /filelibrary/zurich/latest build/ct/ctgui/spLabel/reLinkGUI reLink_PrevTB_CB.m
2003.07.18 14:56 B d:\usr\dorn2\matlab\chromtrack\ct\ctgui\spLabel\reLinkGUI\reLinkGUI.fig --> bioweb.mit.edu /filelibrary/zurich/latest build/ct/ctgui/spLabel/reLinkGUI reLinkGUI.fig
2003.07.18 14:56 B d:\usr\dorn2\matlab\chromtrack\ct\ctgui\spLabel\reLinkGUI\reLinkGUI.m --> bioweb.mit.edu /filelibrary/zurich/latest build/ct/ctgui/spLabel/reLinkGUI reLinkGUI.m
2003.07.18 14:56 B d:\usr\dorn2\matlab\chromtrack\ct\ctgui\spLabel\reLinkGUI\WS_FTP.LOG --> bioweb.mit.edu /filelibrary/zurich/latest build/ct/ctgui/spLabel/reLinkGUI WS_FTP.LOG
