2003.07.16 17:39 B d:\usr\dorn2\matlab\chromtrack\ct\analyzeData\adgui_addData_Callback.m --> bioweb.mit.edu /filelibrary/zurich/latestBuild/ct/AMG/spotDetector/analyzeData adgui_addData_Callback.m
2003.07.16 17:39 B d:\usr\dorn2\matlab\chromtrack\ct\analyzeData\adgui_calc_anaDat.m --> bioweb.mit.edu /filelibrary/zurich/latestBuild/ct/AMG/spotDetector/analyzeData adgui_calc_anaDat.m
2003.07.16 17:39 B d:\usr\dorn2\matlab\chromtrack\ct\analyzeData\adgui_calcPlotData.m --> bioweb.mit.edu /filelibrary/zurich/latestBuild/ct/AMG/spotDetector/analyzeData adgui_calcPlotData.m
2003.07.16 17:39 B d:\usr\dorn2\matlab\chromtrack\ct\analyzeData\adgui_drawNew_Callback.m --> bioweb.mit.edu /filelibrary/zurich/latestBuild/ct/AMG/spotDetector/analyzeData adgui_drawNew_Callback.m
2003.07.16 17:39 B d:\usr\dorn2\matlab\chromtrack\ct\analyzeData\adgui_loadData_CB.m --> bioweb.mit.edu /filelibrary/zurich/latestBuild/ct/AMG/spotDetector/analyzeData adgui_loadData_CB.m
2003.07.16 17:39 B d:\usr\dorn2\matlab\chromtrack\ct\analyzeData\adgui_menu_loadIdlist_CB.m --> bioweb.mit.edu /filelibrary/zurich/latestBuild/ct/AMG/spotDetector/analyzeData adgui_menu_loadIdlist_CB.m
2003.07.16 17:39 B d:\usr\dorn2\matlab\chromtrack\ct\analyzeData\adgui_PD_data.m --> bioweb.mit.edu /filelibrary/zurich/latestBuild/ct/AMG/spotDetector/analyzeData adgui_PD_data.m
2003.07.16 17:39 B d:\usr\dorn2\matlab\chromtrack\ct\analyzeData\adguiLeg_redrawLegend.m --> bioweb.mit.edu /filelibrary/zurich/latestBuild/ct/AMG/spotDetector/analyzeData adguiLeg_redrawLegend.m
2003.07.16 17:39 B d:\usr\dorn2\matlab\chromtrack\ct\analyzeData\adguiLegend.fig --> bioweb.mit.edu /filelibrary/zurich/latestBuild/ct/AMG/spotDetector/analyzeData adguiLegend.fig
2003.07.16 17:39 B d:\usr\dorn2\matlab\chromtrack\ct\analyzeData\adguiLegend.m --> bioweb.mit.edu /filelibrary/zurich/latestBuild/ct/AMG/spotDetector/analyzeData adguiLegend.m
2003.07.16 17:39 B d:\usr\dorn2\matlab\chromtrack\ct\analyzeData\analyzeDataGUI.fig --> bioweb.mit.edu /filelibrary/zurich/latestBuild/ct/AMG/spotDetector/analyzeData analyzeDataGUI.fig
2003.07.16 17:39 B d:\usr\dorn2\matlab\chromtrack\ct\analyzeData\analyzeDataGUI.m --> bioweb.mit.edu /filelibrary/zurich/latestBuild/ct/AMG/spotDetector/analyzeData analyzeDataGUI.m
2003.07.16 17:39 B d:\usr\dorn2\matlab\chromtrack\ct\analyzeData\clickFcn.m --> bioweb.mit.edu /filelibrary/zurich/latestBuild/ct/AMG/spotDetector/analyzeData clickFcn.m
2003.07.16 17:39 B d:\usr\dorn2\matlab\chromtrack\ct\analyzeData\extendedColors.m --> bioweb.mit.edu /filelibrary/zurich/latestBuild/ct/AMG/spotDetector/analyzeData extendedColors.m
2003.07.16 17:42 B d:\usr\dorn2\matlab\chromtrack\ct\analyzeData\adgui_addData_Callback.m --> bioweb.mit.edu /filelibrary/zurich/latestBuild/ct/analyzeData adgui_addData_Callback.m
2003.07.16 17:42 B d:\usr\dorn2\matlab\chromtrack\ct\analyzeData\adgui_calc_anaDat.m --> bioweb.mit.edu /filelibrary/zurich/latestBuild/ct/analyzeData adgui_calc_anaDat.m
2003.07.16 17:42 B d:\usr\dorn2\matlab\chromtrack\ct\analyzeData\adgui_calcPlotData.m --> bioweb.mit.edu /filelibrary/zurich/latestBuild/ct/analyzeData adgui_calcPlotData.m
2003.07.16 17:42 B d:\usr\dorn2\matlab\chromtrack\ct\analyzeData\adgui_drawNew_Callback.m --> bioweb.mit.edu /filelibrary/zurich/latestBuild/ct/analyzeData adgui_drawNew_Callback.m
2003.07.16 17:42 B d:\usr\dorn2\matlab\chromtrack\ct\analyzeData\adgui_loadData_CB.m --> bioweb.mit.edu /filelibrary/zurich/latestBuild/ct/analyzeData adgui_loadData_CB.m
2003.07.16 17:42 B d:\usr\dorn2\matlab\chromtrack\ct\analyzeData\adgui_menu_loadIdlist_CB.m --> bioweb.mit.edu /filelibrary/zurich/latestBuild/ct/analyzeData adgui_menu_loadIdlist_CB.m
2003.07.16 17:42 B d:\usr\dorn2\matlab\chromtrack\ct\analyzeData\adgui_PD_data.m --> bioweb.mit.edu /filelibrary/zurich/latestBuild/ct/analyzeData adgui_PD_data.m
2003.07.16 17:42 B d:\usr\dorn2\matlab\chromtrack\ct\analyzeData\adguiLeg_redrawLegend.m --> bioweb.mit.edu /filelibrary/zurich/latestBuild/ct/analyzeData adguiLeg_redrawLegend.m
2003.07.16 17:42 B d:\usr\dorn2\matlab\chromtrack\ct\analyzeData\adguiLegend.fig --> bioweb.mit.edu /filelibrary/zurich/latestBuild/ct/analyzeData adguiLegend.fig
2003.07.16 17:42 B d:\usr\dorn2\matlab\chromtrack\ct\analyzeData\adguiLegend.m --> bioweb.mit.edu /filelibrary/zurich/latestBuild/ct/analyzeData adguiLegend.m
2003.07.16 17:42 B d:\usr\dorn2\matlab\chromtrack\ct\analyzeData\analyzeDataGUI.fig --> bioweb.mit.edu /filelibrary/zurich/latestBuild/ct/analyzeData analyzeDataGUI.fig
2003.07.16 17:42 B d:\usr\dorn2\matlab\chromtrack\ct\analyzeData\analyzeDataGUI.m --> bioweb.mit.edu /filelibrary/zurich/latestBuild/ct/analyzeData analyzeDataGUI.m
2003.07.16 17:42 B d:\usr\dorn2\matlab\chromtrack\ct\analyzeData\clickFcn.m --> bioweb.mit.edu /filelibrary/zurich/latestBuild/ct/analyzeData clickFcn.m
2003.07.16 17:42 B d:\usr\dorn2\matlab\chromtrack\ct\analyzeData\extendedColors.m --> bioweb.mit.edu /filelibrary/zurich/latestBuild/ct/analyzeData extendedColors.m
2003.07.16 17:42 B d:\usr\dorn2\matlab\chromtrack\ct\analyzeData\WS_FTP.LOG --> bioweb.mit.edu /filelibrary/zurich/latestBuild/ct/analyzeData WS_FTP.LOG
2003.07.18 14:55 B d:\usr\dorn2\matlab\chromtrack\ct\analyzeData\adgui_addData_Callback.m --> bioweb.mit.edu /filelibrary/zurich/latest build/ct/analyzeData adgui_addData_Callback.m
2003.07.18 14:55 B d:\usr\dorn2\matlab\chromtrack\ct\analyzeData\adgui_calc_anaDat.m --> bioweb.mit.edu /filelibrary/zurich/latest build/ct/analyzeData adgui_calc_anaDat.m
2003.07.18 14:55 B d:\usr\dorn2\matlab\chromtrack\ct\analyzeData\adgui_calcPlotData.m --> bioweb.mit.edu /filelibrary/zurich/latest build/ct/analyzeData adgui_calcPlotData.m
2003.07.18 14:55 B d:\usr\dorn2\matlab\chromtrack\ct\analyzeData\adgui_drawNew_Callback.m --> bioweb.mit.edu /filelibrary/zurich/latest build/ct/analyzeData adgui_drawNew_Callback.m
2003.07.18 14:55 B d:\usr\dorn2\matlab\chromtrack\ct\analyzeData\adgui_loadData_CB.m --> bioweb.mit.edu /filelibrary/zurich/latest build/ct/analyzeData adgui_loadData_CB.m
2003.07.18 14:55 B d:\usr\dorn2\matlab\chromtrack\ct\analyzeData\adgui_menu_loadIdlist_CB.m --> bioweb.mit.edu /filelibrary/zurich/latest build/ct/analyzeData adgui_menu_loadIdlist_CB.m
2003.07.18 14:55 B d:\usr\dorn2\matlab\chromtrack\ct\analyzeData\adgui_PD_data.m --> bioweb.mit.edu /filelibrary/zurich/latest build/ct/analyzeData adgui_PD_data.m
2003.07.18 14:55 B d:\usr\dorn2\matlab\chromtrack\ct\analyzeData\adguiLeg_redrawLegend.m --> bioweb.mit.edu /filelibrary/zurich/latest build/ct/analyzeData adguiLeg_redrawLegend.m
2003.07.18 14:55 B d:\usr\dorn2\matlab\chromtrack\ct\analyzeData\adguiLegend.fig --> bioweb.mit.edu /filelibrary/zurich/latest build/ct/analyzeData adguiLegend.fig
2003.07.18 14:55 B d:\usr\dorn2\matlab\chromtrack\ct\analyzeData\adguiLegend.m --> bioweb.mit.edu /filelibrary/zurich/latest build/ct/analyzeData adguiLegend.m
2003.07.18 14:55 B d:\usr\dorn2\matlab\chromtrack\ct\analyzeData\analyzeDataGUI.fig --> bioweb.mit.edu /filelibrary/zurich/latest build/ct/analyzeData analyzeDataGUI.fig
2003.07.18 14:55 B d:\usr\dorn2\matlab\chromtrack\ct\analyzeData\analyzeDataGUI.m --> bioweb.mit.edu /filelibrary/zurich/latest build/ct/analyzeData analyzeDataGUI.m
2003.07.18 14:55 B d:\usr\dorn2\matlab\chromtrack\ct\analyzeData\clickFcn.m --> bioweb.mit.edu /filelibrary/zurich/latest build/ct/analyzeData clickFcn.m
2003.07.18 14:55 B d:\usr\dorn2\matlab\chromtrack\ct\analyzeData\extendedColors.m --> bioweb.mit.edu /filelibrary/zurich/latest build/ct/analyzeData extendedColors.m
2003.07.18 14:55 B d:\usr\dorn2\matlab\chromtrack\ct\analyzeData\WS_FTP.LOG --> bioweb.mit.edu /filelibrary/zurich/latest build/ct/analyzeData WS_FTP.LOG
