2003.07.16 17:39 B d:\usr\dorn2\matlab\chromtrack\ct\analyzeData\adgui_calcPlotDataFcns\adgui_calcPlotData_angleVectors.m --> bioweb.mit.edu /filelibrary/zurich/latestBuild/ct/AMG/spotDetector/analyzeData/adgui_calcPlotDataFcns adgui_calcPlotData_angleVectors.m
2003.07.16 17:39 B d:\usr\dorn2\matlab\chromtrack\ct\analyzeData\adgui_calcPlotDataFcns\adgui_calcPlotData_deltaDistance.m --> bioweb.mit.edu /filelibrary/zurich/latestBuild/ct/AMG/spotDetector/analyzeData/adgui_calcPlotDataFcns adgui_calcPlotData_deltaDistance.m
2003.07.16 17:39 B d:\usr\dorn2\matlab\chromtrack\ct\analyzeData\adgui_calcPlotDataFcns\adgui_calcPlotData_deltaDistanceSigma.m --> bioweb.mit.edu /filelibrary/zurich/latestBuild/ct/AMG/spotDetector/analyzeData/adgui_calcPlotDataFcns adgui_calcPlotData_deltaDistanceSigma.m
2003.07.16 17:39 B d:\usr\dorn2\matlab\chromtrack\ct\analyzeData\adgui_calcPlotDataFcns\adgui_calcPlotData_deltaDistanceVelocity.m --> bioweb.mit.edu /filelibrary/zurich/latestBuild/ct/AMG/spotDetector/analyzeData/adgui_calcPlotDataFcns adgui_calcPlotData_deltaDistanceVelocity.m
2003.07.16 17:39 B d:\usr\dorn2\matlab\chromtrack\ct\analyzeData\adgui_calcPlotDataFcns\adgui_calcPlotData_distance.m --> bioweb.mit.edu /filelibrary/zurich/latestBuild/ct/AMG/spotDetector/analyzeData/adgui_calcPlotDataFcns adgui_calcPlotData_distance.m
2003.07.16 17:39 B d:\usr\dorn2\matlab\chromtrack\ct\analyzeData\adgui_calcPlotDataFcns\adgui_calcPlotData_distanceSigma.m --> bioweb.mit.edu /filelibrary/zurich/latestBuild/ct/AMG/spotDetector/analyzeData/adgui_calcPlotDataFcns adgui_calcPlotData_distanceSigma.m
2003.07.16 17:39 B d:\usr\dorn2\matlab\chromtrack\ct\analyzeData\adgui_calcPlotDataFcns\adgui_calcPlotData_parallelProjection.m --> bioweb.mit.edu /filelibrary/zurich/latestBuild/ct/AMG/spotDetector/analyzeData/adgui_calcPlotDataFcns adgui_calcPlotData_parallelProjection.m
2003.07.16 17:39 B d:\usr\dorn2\matlab\chromtrack\ct\analyzeData\adgui_calcPlotDataFcns\adgui_calcPlotData_perpendicularProjection.m --> bioweb.mit.edu /filelibrary/zurich/latestBuild/ct/AMG/spotDetector/analyzeData/adgui_calcPlotDataFcns adgui_calcPlotData_perpendicularProjection.m
2003.07.16 17:39 B d:\usr\dorn2\matlab\chromtrack\ct\analyzeData\adgui_calcPlotDataFcns\adgui_calcPlotData_rayleigh.m --> bioweb.mit.edu /filelibrary/zurich/latestBuild/ct/AMG/spotDetector/analyzeData/adgui_calcPlotDataFcns adgui_calcPlotData_rayleigh.m
2003.07.16 17:39 B d:\usr\dorn2\matlab\chromtrack\ct\analyzeData\adgui_calcPlotDataFcns\adgui_calcPlotData_tagDiffusion.m --> bioweb.mit.edu /filelibrary/zurich/latestBuild/ct/AMG/spotDetector/analyzeData/adgui_calcPlotDataFcns adgui_calcPlotData_tagDiffusion.m
2003.07.16 17:39 B d:\usr\dorn2\matlab\chromtrack\ct\analyzeData\adgui_calcPlotDataFcns\adgui_calcPlotData_tagDisplacementCorrected.m --> bioweb.mit.edu /filelibrary/zurich/latestBuild/ct/AMG/spotDetector/analyzeData/adgui_calcPlotDataFcns adgui_calcPlotData_tagDisplacementCorrected.m
2003.07.16 17:39 B d:\usr\dorn2\matlab\chromtrack\ct\analyzeData\adgui_calcPlotDataFcns\adgui_calcPlotData_tagVelocityCorrected.m --> bioweb.mit.edu /filelibrary/zurich/latestBuild/ct/AMG/spotDetector/analyzeData/adgui_calcPlotDataFcns adgui_calcPlotData_tagVelocityCorrected.m
2003.07.16 17:39 B d:\usr\dorn2\matlab\chromtrack\ct\analyzeData\adgui_calcPlotDataFcns\adgui_calcPlotData_tagVelocityUncorrected.m --> bioweb.mit.edu /filelibrary/zurich/latestBuild/ct/AMG/spotDetector/analyzeData/adgui_calcPlotDataFcns adgui_calcPlotData_tagVelocityUncorrected.m
2003.07.16 17:39 B d:\usr\dorn2\matlab\chromtrack\ct\analyzeData\adgui_calcPlotDataFcns\old_adgui_calcPlotData_tagDisplacementUncorrected.m --> bioweb.mit.edu /filelibrary/zurich/latestBuild/ct/AMG/spotDetector/analyzeData/adgui_calcPlotDataFcns old_adgui_calcPlotData_tagDisplacementUncorrected.m
2003.07.16 17:39 B d:\usr\dorn2\matlab\chromtrack\ct\analyzeData\adgui_calcPlotDataFcns\old_adgui_calcPlotData_testSignificance.m --> bioweb.mit.edu /filelibrary/zurich/latestBuild/ct/AMG/spotDetector/analyzeData/adgui_calcPlotDataFcns old_adgui_calcPlotData_testSignificance.m
2003.07.16 17:41 B d:\usr\dorn2\matlab\chromtrack\ct\analyzeData\adgui_calcPlotDataFcns\adgui_calcPlotData_angleVectors.m --> bioweb.mit.edu /filelibrary/zurich/latestBuild/ct/analyzeData/adgui_calcPlotDataFcns adgui_calcPlotData_angleVectors.m
2003.07.16 17:41 B d:\usr\dorn2\matlab\chromtrack\ct\analyzeData\adgui_calcPlotDataFcns\adgui_calcPlotData_deltaDistance.m --> bioweb.mit.edu /filelibrary/zurich/latestBuild/ct/analyzeData/adgui_calcPlotDataFcns adgui_calcPlotData_deltaDistance.m
2003.07.16 17:41 B d:\usr\dorn2\matlab\chromtrack\ct\analyzeData\adgui_calcPlotDataFcns\adgui_calcPlotData_deltaDistanceSigma.m --> bioweb.mit.edu /filelibrary/zurich/latestBuild/ct/analyzeData/adgui_calcPlotDataFcns adgui_calcPlotData_deltaDistanceSigma.m
2003.07.16 17:41 B d:\usr\dorn2\matlab\chromtrack\ct\analyzeData\adgui_calcPlotDataFcns\adgui_calcPlotData_deltaDistanceVelocity.m --> bioweb.mit.edu /filelibrary/zurich/latestBuild/ct/analyzeData/adgui_calcPlotDataFcns adgui_calcPlotData_deltaDistanceVelocity.m
2003.07.16 17:41 B d:\usr\dorn2\matlab\chromtrack\ct\analyzeData\adgui_calcPlotDataFcns\adgui_calcPlotData_distance.m --> bioweb.mit.edu /filelibrary/zurich/latestBuild/ct/analyzeData/adgui_calcPlotDataFcns adgui_calcPlotData_distance.m
2003.07.16 17:41 B d:\usr\dorn2\matlab\chromtrack\ct\analyzeData\adgui_calcPlotDataFcns\adgui_calcPlotData_distanceSigma.m --> bioweb.mit.edu /filelibrary/zurich/latestBuild/ct/analyzeData/adgui_calcPlotDataFcns adgui_calcPlotData_distanceSigma.m
2003.07.16 17:41 B d:\usr\dorn2\matlab\chromtrack\ct\analyzeData\adgui_calcPlotDataFcns\adgui_calcPlotData_parallelProjection.m --> bioweb.mit.edu /filelibrary/zurich/latestBuild/ct/analyzeData/adgui_calcPlotDataFcns adgui_calcPlotData_parallelProjection.m
2003.07.16 17:41 B d:\usr\dorn2\matlab\chromtrack\ct\analyzeData\adgui_calcPlotDataFcns\adgui_calcPlotData_perpendicularProjection.m --> bioweb.mit.edu /filelibrary/zurich/latestBuild/ct/analyzeData/adgui_calcPlotDataFcns adgui_calcPlotData_perpendicularProjection.m
2003.07.16 17:41 B d:\usr\dorn2\matlab\chromtrack\ct\analyzeData\adgui_calcPlotDataFcns\adgui_calcPlotData_rayleigh.m --> bioweb.mit.edu /filelibrary/zurich/latestBuild/ct/analyzeData/adgui_calcPlotDataFcns adgui_calcPlotData_rayleigh.m
2003.07.16 17:41 B d:\usr\dorn2\matlab\chromtrack\ct\analyzeData\adgui_calcPlotDataFcns\adgui_calcPlotData_tagDiffusion.m --> bioweb.mit.edu /filelibrary/zurich/latestBuild/ct/analyzeData/adgui_calcPlotDataFcns adgui_calcPlotData_tagDiffusion.m
2003.07.16 17:42 B d:\usr\dorn2\matlab\chromtrack\ct\analyzeData\adgui_calcPlotDataFcns\adgui_calcPlotData_tagDisplacementCorrected.m --> bioweb.mit.edu /filelibrary/zurich/latestBuild/ct/analyzeData/adgui_calcPlotDataFcns adgui_calcPlotData_tagDisplacementCorrected.m
2003.07.16 17:42 B d:\usr\dorn2\matlab\chromtrack\ct\analyzeData\adgui_calcPlotDataFcns\adgui_calcPlotData_tagVelocityCorrected.m --> bioweb.mit.edu /filelibrary/zurich/latestBuild/ct/analyzeData/adgui_calcPlotDataFcns adgui_calcPlotData_tagVelocityCorrected.m
2003.07.16 17:42 B d:\usr\dorn2\matlab\chromtrack\ct\analyzeData\adgui_calcPlotDataFcns\adgui_calcPlotData_tagVelocityUncorrected.m --> bioweb.mit.edu /filelibrary/zurich/latestBuild/ct/analyzeData/adgui_calcPlotDataFcns adgui_calcPlotData_tagVelocityUncorrected.m
2003.07.16 17:42 B d:\usr\dorn2\matlab\chromtrack\ct\analyzeData\adgui_calcPlotDataFcns\old_adgui_calcPlotData_tagDisplacementUncorrected.m --> bioweb.mit.edu /filelibrary/zurich/latestBuild/ct/analyzeData/adgui_calcPlotDataFcns old_adgui_calcPlotData_tagDisplacementUncorrected.m
2003.07.16 17:42 B d:\usr\dorn2\matlab\chromtrack\ct\analyzeData\adgui_calcPlotDataFcns\old_adgui_calcPlotData_testSignificance.m --> bioweb.mit.edu /filelibrary/zurich/latestBuild/ct/analyzeData/adgui_calcPlotDataFcns old_adgui_calcPlotData_testSignificance.m
2003.07.16 17:42 B d:\usr\dorn2\matlab\chromtrack\ct\analyzeData\adgui_calcPlotDataFcns\WS_FTP.LOG --> bioweb.mit.edu /filelibrary/zurich/latestBuild/ct/analyzeData/adgui_calcPlotDataFcns WS_FTP.LOG
2003.07.18 14:55 B d:\usr\dorn2\matlab\chromtrack\ct\analyzeData\adgui_calcPlotDataFcns\adgui_calcPlotData_angleVectors.m --> bioweb.mit.edu /filelibrary/zurich/latest build/ct/analyzeData/adgui_calcPlotDataFcns adgui_calcPlotData_angleVectors.m
2003.07.18 14:55 B d:\usr\dorn2\matlab\chromtrack\ct\analyzeData\adgui_calcPlotDataFcns\adgui_calcPlotData_deltaDistance.m --> bioweb.mit.edu /filelibrary/zurich/latest build/ct/analyzeData/adgui_calcPlotDataFcns adgui_calcPlotData_deltaDistance.m
2003.07.18 14:55 B d:\usr\dorn2\matlab\chromtrack\ct\analyzeData\adgui_calcPlotDataFcns\adgui_calcPlotData_deltaDistanceSigma.m --> bioweb.mit.edu /filelibrary/zurich/latest build/ct/analyzeData/adgui_calcPlotDataFcns adgui_calcPlotData_deltaDistanceSigma.m
2003.07.18 14:55 B d:\usr\dorn2\matlab\chromtrack\ct\analyzeData\adgui_calcPlotDataFcns\adgui_calcPlotData_deltaDistanceVelocity.m --> bioweb.mit.edu /filelibrary/zurich/latest build/ct/analyzeData/adgui_calcPlotDataFcns adgui_calcPlotData_deltaDistanceVelocity.m
2003.07.18 14:55 B d:\usr\dorn2\matlab\chromtrack\ct\analyzeData\adgui_calcPlotDataFcns\adgui_calcPlotData_distance.m --> bioweb.mit.edu /filelibrary/zurich/latest build/ct/analyzeData/adgui_calcPlotDataFcns adgui_calcPlotData_distance.m
2003.07.18 14:55 B d:\usr\dorn2\matlab\chromtrack\ct\analyzeData\adgui_calcPlotDataFcns\adgui_calcPlotData_distanceSigma.m --> bioweb.mit.edu /filelibrary/zurich/latest build/ct/analyzeData/adgui_calcPlotDataFcns adgui_calcPlotData_distanceSigma.m
2003.07.18 14:55 B d:\usr\dorn2\matlab\chromtrack\ct\analyzeData\adgui_calcPlotDataFcns\adgui_calcPlotData_parallelProjection.m --> bioweb.mit.edu /filelibrary/zurich/latest build/ct/analyzeData/adgui_calcPlotDataFcns adgui_calcPlotData_parallelProjection.m
2003.07.18 14:55 B d:\usr\dorn2\matlab\chromtrack\ct\analyzeData\adgui_calcPlotDataFcns\adgui_calcPlotData_perpendicularProjection.m --> bioweb.mit.edu /filelibrary/zurich/latest build/ct/analyzeData/adgui_calcPlotDataFcns adgui_calcPlotData_perpendicularProjection.m
2003.07.18 14:55 B d:\usr\dorn2\matlab\chromtrack\ct\analyzeData\adgui_calcPlotDataFcns\adgui_calcPlotData_rayleigh.m --> bioweb.mit.edu /filelibrary/zurich/latest build/ct/analyzeData/adgui_calcPlotDataFcns adgui_calcPlotData_rayleigh.m
2003.07.18 14:55 B d:\usr\dorn2\matlab\chromtrack\ct\analyzeData\adgui_calcPlotDataFcns\adgui_calcPlotData_tagDiffusion.m --> bioweb.mit.edu /filelibrary/zurich/latest build/ct/analyzeData/adgui_calcPlotDataFcns adgui_calcPlotData_tagDiffusion.m
2003.07.18 14:55 B d:\usr\dorn2\matlab\chromtrack\ct\analyzeData\adgui_calcPlotDataFcns\adgui_calcPlotData_tagDisplacementCorrected.m --> bioweb.mit.edu /filelibrary/zurich/latest build/ct/analyzeData/adgui_calcPlotDataFcns adgui_calcPlotData_tagDisplacementCorrected.m
2003.07.18 14:55 B d:\usr\dorn2\matlab\chromtrack\ct\analyzeData\adgui_calcPlotDataFcns\adgui_calcPlotData_tagVelocityCorrected.m --> bioweb.mit.edu /filelibrary/zurich/latest build/ct/analyzeData/adgui_calcPlotDataFcns adgui_calcPlotData_tagVelocityCorrected.m
2003.07.18 14:55 B d:\usr\dorn2\matlab\chromtrack\ct\analyzeData\adgui_calcPlotDataFcns\adgui_calcPlotData_tagVelocityUncorrected.m --> bioweb.mit.edu /filelibrary/zurich/latest build/ct/analyzeData/adgui_calcPlotDataFcns adgui_calcPlotData_tagVelocityUncorrected.m
2003.07.18 14:55 B d:\usr\dorn2\matlab\chromtrack\ct\analyzeData\adgui_calcPlotDataFcns\old_adgui_calcPlotData_tagDisplacementUncorrected.m --> bioweb.mit.edu /filelibrary/zurich/latest build/ct/analyzeData/adgui_calcPlotDataFcns old_adgui_calcPlotData_tagDisplacementUncorrected.m
2003.07.18 14:55 B d:\usr\dorn2\matlab\chromtrack\ct\analyzeData\adgui_calcPlotDataFcns\old_adgui_calcPlotData_testSignificance.m --> bioweb.mit.edu /filelibrary/zurich/latest build/ct/analyzeData/adgui_calcPlotDataFcns old_adgui_calcPlotData_testSignificance.m
2003.07.18 14:55 B d:\usr\dorn2\matlab\chromtrack\ct\analyzeData\adgui_calcPlotDataFcns\WS_FTP.LOG --> bioweb.mit.edu /filelibrary/zurich/latest build/ct/analyzeData/adgui_calcPlotDataFcns WS_FTP.LOG
