2003.07.16 17:39 B d:\usr\dorn2\matlab\chromtrack\ct\ctgui\r3dview\r3dviewCB\rotateCB.m --> bioweb.mit.edu /filelibrary/zurich/latestBuild/ct/AMG/spotDetector/ctgui/r3dview/r3dviewCB rotateCB.m
2003.07.16 17:39 B d:\usr\dorn2\matlab\chromtrack\ct\ctgui\r3dview\r3dviewCB\stackEditCB.m --> bioweb.mit.edu /filelibrary/zurich/latestBuild/ct/AMG/spotDetector/ctgui/r3dview/r3dviewCB stackEditCB.m
2003.07.16 17:39 B d:\usr\dorn2\matlab\chromtrack\ct\ctgui\r3dview\r3dviewCB\stackSlideCB.m --> bioweb.mit.edu /filelibrary/zurich/latestBuild/ct/AMG/spotDetector/ctgui/r3dview/r3dviewCB stackSlideCB.m
2003.07.16 17:40 B d:\usr\dorn2\matlab\chromtrack\ct\ctgui\r3dview\r3dviewCB\timeEditCB.m --> bioweb.mit.edu /filelibrary/zurich/latestBuild/ct/AMG/spotDetector/ctgui/r3dview/r3dviewCB timeEditCB.m
2003.07.16 17:40 B d:\usr\dorn2\matlab\chromtrack\ct\ctgui\r3dview\r3dviewCB\timeSlideCB.m --> bioweb.mit.edu /filelibrary/zurich/latestBuild/ct/AMG/spotDetector/ctgui/r3dview/r3dviewCB timeSlideCB.m
2003.07.16 17:40 B d:\usr\dorn2\matlab\chromtrack\ct\ctgui\r3dview\r3dviewCB\waveEditCB.m --> bioweb.mit.edu /filelibrary/zurich/latestBuild/ct/AMG/spotDetector/ctgui/r3dview/r3dviewCB waveEditCB.m
2003.07.16 17:42 B d:\usr\dorn2\matlab\chromtrack\ct\ctgui\r3dview\r3dviewCB\rotateCB.m --> bioweb.mit.edu /filelibrary/zurich/latestBuild/ct/ctgui/r3dview/r3dviewCB rotateCB.m
2003.07.16 17:42 B d:\usr\dorn2\matlab\chromtrack\ct\ctgui\r3dview\r3dviewCB\stackEditCB.m --> bioweb.mit.edu /filelibrary/zurich/latestBuild/ct/ctgui/r3dview/r3dviewCB stackEditCB.m
2003.07.16 17:42 B d:\usr\dorn2\matlab\chromtrack\ct\ctgui\r3dview\r3dviewCB\stackSlideCB.m --> bioweb.mit.edu /filelibrary/zurich/latestBuild/ct/ctgui/r3dview/r3dviewCB stackSlideCB.m
2003.07.16 17:42 B d:\usr\dorn2\matlab\chromtrack\ct\ctgui\r3dview\r3dviewCB\timeEditCB.m --> bioweb.mit.edu /filelibrary/zurich/latestBuild/ct/ctgui/r3dview/r3dviewCB timeEditCB.m
2003.07.16 17:42 B d:\usr\dorn2\matlab\chromtrack\ct\ctgui\r3dview\r3dviewCB\timeSlideCB.m --> bioweb.mit.edu /filelibrary/zurich/latestBuild/ct/ctgui/r3dview/r3dviewCB timeSlideCB.m
2003.07.16 17:42 B d:\usr\dorn2\matlab\chromtrack\ct\ctgui\r3dview\r3dviewCB\waveEditCB.m --> bioweb.mit.edu /filelibrary/zurich/latestBuild/ct/ctgui/r3dview/r3dviewCB waveEditCB.m
2003.07.16 17:42 B d:\usr\dorn2\matlab\chromtrack\ct\ctgui\r3dview\r3dviewCB\WS_FTP.LOG --> bioweb.mit.edu /filelibrary/zurich/latestBuild/ct/ctgui/r3dview/r3dviewCB WS_FTP.LOG
2003.07.18 14:55 B d:\usr\dorn2\matlab\chromtrack\ct\ctgui\r3dview\r3dviewCB\rotateCB.m --> bioweb.mit.edu /filelibrary/zurich/latest build/ct/ctgui/r3dview/r3dviewCB rotateCB.m
2003.07.18 14:55 B d:\usr\dorn2\matlab\chromtrack\ct\ctgui\r3dview\r3dviewCB\stackEditCB.m --> bioweb.mit.edu /filelibrary/zurich/latest build/ct/ctgui/r3dview/r3dviewCB stackEditCB.m
2003.07.18 14:55 B d:\usr\dorn2\matlab\chromtrack\ct\ctgui\r3dview\r3dviewCB\stackSlideCB.m --> bioweb.mit.edu /filelibrary/zurich/latest build/ct/ctgui/r3dview/r3dviewCB stackSlideCB.m
2003.07.18 14:55 B d:\usr\dorn2\matlab\chromtrack\ct\ctgui\r3dview\r3dviewCB\timeEditCB.m --> bioweb.mit.edu /filelibrary/zurich/latest build/ct/ctgui/r3dview/r3dviewCB timeEditCB.m
2003.07.18 14:55 B d:\usr\dorn2\matlab\chromtrack\ct\ctgui\r3dview\r3dviewCB\timeSlideCB.m --> bioweb.mit.edu /filelibrary/zurich/latest build/ct/ctgui/r3dview/r3dviewCB timeSlideCB.m
2003.07.18 14:55 B d:\usr\dorn2\matlab\chromtrack\ct\ctgui\r3dview\r3dviewCB\waveEditCB.m --> bioweb.mit.edu /filelibrary/zurich/latest build/ct/ctgui/r3dview/r3dviewCB waveEditCB.m
2003.07.18 14:55 B d:\usr\dorn2\matlab\chromtrack\ct\ctgui\r3dview\r3dviewCB\WS_FTP.LOG --> bioweb.mit.edu /filelibrary/zurich/latest build/ct/ctgui/r3dview/r3dviewCB WS_FTP.LOG
