2003.07.16 17:41 B d:\usr\dorn2\matlab\chromtrack\ct\tagTracker\acceptMatch.m --> bioweb.mit.edu /filelibrary/zurich/latestBuild/ct/AMG/spotDetector/tagTracker acceptMatch.m
2003.07.16 17:41 B d:\usr\dorn2\matlab\chromtrack\ct\tagTracker\acceptTrackedSpotDist.m --> bioweb.mit.edu /filelibrary/zurich/latestBuild/ct/AMG/spotDetector/tagTracker acceptTrackedSpotDist.m
2003.07.16 17:41 B d:\usr\dorn2\matlab\chromtrack\ct\tagTracker\fitModel.m --> bioweb.mit.edu /filelibrary/zurich/latestBuild/ct/AMG/spotDetector/tagTracker fitModel.m
2003.07.16 17:41 B d:\usr\dorn2\matlab\chromtrack\ct\tagTracker\maskSpots.m --> bioweb.mit.edu /filelibrary/zurich/latestBuild/ct/AMG/spotDetector/tagTracker maskSpots.m
2003.07.16 17:41 B d:\usr\dorn2\matlab\chromtrack\ct\tagTracker\trackFrame.m --> bioweb.mit.edu /filelibrary/zurich/latestBuild/ct/AMG/spotDetector/tagTracker trackFrame.m
2003.07.16 17:41 B d:\usr\dorn2\matlab\chromtrack\ct\tagTracker\trackingStrategy.m --> bioweb.mit.edu /filelibrary/zurich/latestBuild/ct/AMG/spotDetector/tagTracker trackingStrategy.m
2003.07.16 17:41 B d:\usr\dorn2\matlab\chromtrack\ct\tagTracker\trackSpots.m --> bioweb.mit.edu /filelibrary/zurich/latestBuild/ct/AMG/spotDetector/tagTracker trackSpots.m
2003.07.16 17:41 B d:\usr\dorn2\matlab\chromtrack\ct\tagTracker\trackTags.m --> bioweb.mit.edu /filelibrary/zurich/latestBuild/ct/AMG/spotDetector/tagTracker trackTags.m
2003.07.16 17:41 B d:\usr\dorn2\matlab\chromtrack\ct\tagTracker\transSpot.m --> bioweb.mit.edu /filelibrary/zurich/latestBuild/ct/AMG/spotDetector/tagTracker transSpot.m
2003.07.16 17:41 B d:\usr\dorn2\matlab\chromtrack\ct\tagTracker\acceptMatch.m --> bioweb.mit.edu /filelibrary/zurich/latestBuild/ct/AMG/tagTracker acceptMatch.m
2003.07.16 17:41 B d:\usr\dorn2\matlab\chromtrack\ct\tagTracker\acceptTrackedSpotDist.m --> bioweb.mit.edu /filelibrary/zurich/latestBuild/ct/AMG/tagTracker acceptTrackedSpotDist.m
2003.07.16 17:41 B d:\usr\dorn2\matlab\chromtrack\ct\tagTracker\fitModel.m --> bioweb.mit.edu /filelibrary/zurich/latestBuild/ct/AMG/tagTracker fitModel.m
2003.07.16 17:41 B d:\usr\dorn2\matlab\chromtrack\ct\tagTracker\maskSpots.m --> bioweb.mit.edu /filelibrary/zurich/latestBuild/ct/AMG/tagTracker maskSpots.m
2003.07.16 17:41 B d:\usr\dorn2\matlab\chromtrack\ct\tagTracker\trackFrame.m --> bioweb.mit.edu /filelibrary/zurich/latestBuild/ct/AMG/tagTracker trackFrame.m
2003.07.16 17:41 B d:\usr\dorn2\matlab\chromtrack\ct\tagTracker\trackingStrategy.m --> bioweb.mit.edu /filelibrary/zurich/latestBuild/ct/AMG/tagTracker trackingStrategy.m
2003.07.16 17:41 B d:\usr\dorn2\matlab\chromtrack\ct\tagTracker\trackSpots.m --> bioweb.mit.edu /filelibrary/zurich/latestBuild/ct/AMG/tagTracker trackSpots.m
2003.07.16 17:41 B d:\usr\dorn2\matlab\chromtrack\ct\tagTracker\trackTags.m --> bioweb.mit.edu /filelibrary/zurich/latestBuild/ct/AMG/tagTracker trackTags.m
2003.07.16 17:41 B d:\usr\dorn2\matlab\chromtrack\ct\tagTracker\transSpot.m --> bioweb.mit.edu /filelibrary/zurich/latestBuild/ct/AMG/tagTracker transSpot.m
2003.07.16 17:41 B d:\usr\dorn2\matlab\chromtrack\ct\tagTracker\WS_FTP.LOG --> bioweb.mit.edu /filelibrary/zurich/latestBuild/ct/AMG/tagTracker WS_FTP.LOG
2003.07.16 17:43 B d:\usr\dorn2\matlab\chromtrack\ct\tagTracker\acceptMatch.m --> bioweb.mit.edu /filelibrary/zurich/latestBuild/ct/tagTracker acceptMatch.m
2003.07.16 17:43 B d:\usr\dorn2\matlab\chromtrack\ct\tagTracker\acceptTrackedSpotDist.m --> bioweb.mit.edu /filelibrary/zurich/latestBuild/ct/tagTracker acceptTrackedSpotDist.m
2003.07.16 17:43 B d:\usr\dorn2\matlab\chromtrack\ct\tagTracker\fitModel.m --> bioweb.mit.edu /filelibrary/zurich/latestBuild/ct/tagTracker fitModel.m
2003.07.16 17:43 B d:\usr\dorn2\matlab\chromtrack\ct\tagTracker\maskSpots.m --> bioweb.mit.edu /filelibrary/zurich/latestBuild/ct/tagTracker maskSpots.m
2003.07.16 17:43 B d:\usr\dorn2\matlab\chromtrack\ct\tagTracker\trackFrame.m --> bioweb.mit.edu /filelibrary/zurich/latestBuild/ct/tagTracker trackFrame.m
2003.07.16 17:43 B d:\usr\dorn2\matlab\chromtrack\ct\tagTracker\trackingStrategy.m --> bioweb.mit.edu /filelibrary/zurich/latestBuild/ct/tagTracker trackingStrategy.m
2003.07.16 17:43 B d:\usr\dorn2\matlab\chromtrack\ct\tagTracker\trackSpots.m --> bioweb.mit.edu /filelibrary/zurich/latestBuild/ct/tagTracker trackSpots.m
2003.07.16 17:43 B d:\usr\dorn2\matlab\chromtrack\ct\tagTracker\trackTags.m --> bioweb.mit.edu /filelibrary/zurich/latestBuild/ct/tagTracker trackTags.m
2003.07.16 17:43 B d:\usr\dorn2\matlab\chromtrack\ct\tagTracker\transSpot.m --> bioweb.mit.edu /filelibrary/zurich/latestBuild/ct/tagTracker transSpot.m
2003.07.16 17:43 B d:\usr\dorn2\matlab\chromtrack\ct\tagTracker\WS_FTP.LOG --> bioweb.mit.edu /filelibrary/zurich/latestBuild/ct/tagTracker WS_FTP.LOG
2003.07.18 14:56 B d:\usr\dorn2\matlab\chromtrack\ct\tagTracker\acceptMatch.m --> bioweb.mit.edu /filelibrary/zurich/latest build/ct/tagTracker acceptMatch.m
2003.07.18 14:56 B d:\usr\dorn2\matlab\chromtrack\ct\tagTracker\acceptTrackedSpotDist.m --> bioweb.mit.edu /filelibrary/zurich/latest build/ct/tagTracker acceptTrackedSpotDist.m
2003.07.18 14:56 B d:\usr\dorn2\matlab\chromtrack\ct\tagTracker\fitModel.m --> bioweb.mit.edu /filelibrary/zurich/latest build/ct/tagTracker fitModel.m
2003.07.18 14:56 B d:\usr\dorn2\matlab\chromtrack\ct\tagTracker\maskSpots.m --> bioweb.mit.edu /filelibrary/zurich/latest build/ct/tagTracker maskSpots.m
2003.07.18 14:57 B d:\usr\dorn2\matlab\chromtrack\ct\tagTracker\trackFrame.m --> bioweb.mit.edu /filelibrary/zurich/latest build/ct/tagTracker trackFrame.m
2003.07.18 14:57 B d:\usr\dorn2\matlab\chromtrack\ct\tagTracker\trackingStrategy.m --> bioweb.mit.edu /filelibrary/zurich/latest build/ct/tagTracker trackingStrategy.m
2003.07.18 14:57 B d:\usr\dorn2\matlab\chromtrack\ct\tagTracker\trackSpots.m --> bioweb.mit.edu /filelibrary/zurich/latest build/ct/tagTracker trackSpots.m
2003.07.18 14:57 B d:\usr\dorn2\matlab\chromtrack\ct\tagTracker\trackTags.m --> bioweb.mit.edu /filelibrary/zurich/latest build/ct/tagTracker trackTags.m
2003.07.18 14:57 B d:\usr\dorn2\matlab\chromtrack\ct\tagTracker\transSpot.m --> bioweb.mit.edu /filelibrary/zurich/latest build/ct/tagTracker transSpot.m
2003.07.18 14:57 B d:\usr\dorn2\matlab\chromtrack\ct\tagTracker\WS_FTP.LOG --> bioweb.mit.edu /filelibrary/zurich/latest build/ct/tagTracker WS_FTP.LOG
