2003.07.16 17:40 B d:\usr\dorn2\matlab\chromtrack\ct\ctgui\spLabel\labelguimenuCB\label_deleteSpotCB.m --> bioweb.mit.edu /filelibrary/zurich/latestBuild/ct/AMG/spotDetector/ctgui/spLabel/labelguimenuCB label_deleteSpotCB.m
2003.07.16 17:40 B d:\usr\dorn2\matlab\chromtrack\ct\ctgui\spLabel\labelguimenuCB\label_deletetpCB.m --> bioweb.mit.edu /filelibrary/zurich/latestBuild/ct/AMG/spotDetector/ctgui/spLabel/labelguimenuCB label_deletetpCB.m
2003.07.16 17:40 B d:\usr\dorn2\matlab\chromtrack\ct\ctgui\spLabel\labelguimenuCB\label_editlabelCB.m --> bioweb.mit.edu /filelibrary/zurich/latestBuild/ct/AMG/spotDetector/ctgui/spLabel/labelguimenuCB label_editlabelCB.m
2003.07.16 17:40 B d:\usr\dorn2\matlab\chromtrack\ct\ctgui\spLabel\labelguimenuCB\label_editlabelistCB.m --> bioweb.mit.edu /filelibrary/zurich/latestBuild/ct/AMG/spotDetector/ctgui/spLabel/labelguimenuCB label_editlabelistCB.m
2003.07.16 17:40 B d:\usr\dorn2\matlab\chromtrack\ct\ctgui\spLabel\labelguimenuCB\label_loadCB.m --> bioweb.mit.edu /filelibrary/zurich/latestBuild/ct/AMG/spotDetector/ctgui/spLabel/labelguimenuCB label_loadCB.m
2003.07.16 17:40 B d:\usr\dorn2\matlab\chromtrack\ct\ctgui\spLabel\labelguimenuCB\label_loadmovieCB.m --> bioweb.mit.edu /filelibrary/zurich/latestBuild/ct/AMG/spotDetector/ctgui/spLabel/labelguimenuCB label_loadmovieCB.m
2003.07.16 17:40 B d:\usr\dorn2\matlab\chromtrack\ct\ctgui\spLabel\labelguimenuCB\label_loadslistCB.m --> bioweb.mit.edu /filelibrary/zurich/latestBuild/ct/AMG/spotDetector/ctgui/spLabel/labelguimenuCB label_loadslistCB.m
2003.07.16 17:40 B d:\usr\dorn2\matlab\chromtrack\ct\ctgui\spLabel\labelguimenuCB\label_recalcconnections.m --> bioweb.mit.edu /filelibrary/zurich/latestBuild/ct/AMG/spotDetector/ctgui/spLabel/labelguimenuCB label_recalcconnections.m
2003.07.16 17:40 B d:\usr\dorn2\matlab\chromtrack\ct\ctgui\spLabel\labelguimenuCB\label_recoverTimePointCB.m --> bioweb.mit.edu /filelibrary/zurich/latestBuild/ct/AMG/spotDetector/ctgui/spLabel/labelguimenuCB label_recoverTimePointCB.m
2003.07.16 17:40 B d:\usr\dorn2\matlab\chromtrack\ct\ctgui\spLabel\labelguimenuCB\label_refreshXZYZ.m --> bioweb.mit.edu /filelibrary/zurich/latestBuild/ct/AMG/spotDetector/ctgui/spLabel/labelguimenuCB label_refreshXZYZ.m
2003.07.16 17:40 B d:\usr\dorn2\matlab\chromtrack\ct\ctgui\spLabel\labelguimenuCB\label_reload_idlistCB.m --> bioweb.mit.edu /filelibrary/zurich/latestBuild/ct/AMG/spotDetector/ctgui/spLabel/labelguimenuCB label_reload_idlistCB.m
2003.07.16 17:40 B d:\usr\dorn2\matlab\chromtrack\ct\ctgui\spLabel\labelguimenuCB\label_saveslistCB.m --> bioweb.mit.edu /filelibrary/zurich/latestBuild/ct/AMG/spotDetector/ctgui/spLabel/labelguimenuCB label_saveslistCB.m
2003.07.16 17:40 B d:\usr\dorn2\matlab\chromtrack\ct\ctgui\spLabel\labelguimenuCB\label_showIntFig.m --> bioweb.mit.edu /filelibrary/zurich/latestBuild/ct/AMG/spotDetector/ctgui/spLabel/labelguimenuCB label_showIntFig.m
2003.07.16 17:40 B d:\usr\dorn2\matlab\chromtrack\ct\ctgui\spLabel\labelguimenuCB\label_showMovieData.m --> bioweb.mit.edu /filelibrary/zurich/latestBuild/ct/AMG/spotDetector/ctgui/spLabel/labelguimenuCB label_showMovieData.m
2003.07.16 17:40 B d:\usr\dorn2\matlab\chromtrack\ct\ctgui\spLabel\labelguimenuCB\label_showXZYZ_CB.m --> bioweb.mit.edu /filelibrary/zurich/latestBuild/ct/AMG/spotDetector/ctgui/spLabel/labelguimenuCB label_showXZYZ_CB.m
2003.07.16 17:40 B d:\usr\dorn2\matlab\chromtrack\ct\ctgui\spLabel\labelguimenuCB\poplistboxCB.m --> bioweb.mit.edu /filelibrary/zurich/latestBuild/ct/AMG/spotDetector/ctgui/spLabel/labelguimenuCB poplistboxCB.m
2003.07.16 17:40 B d:\usr\dorn2\matlab\chromtrack\ct\ctgui\spLabel\labelguimenuCB\popuphere.m --> bioweb.mit.edu /filelibrary/zurich/latestBuild/ct/AMG/spotDetector/ctgui/spLabel/labelguimenuCB popuphere.m
2003.07.16 17:42 B d:\usr\dorn2\matlab\chromtrack\ct\ctgui\spLabel\labelguimenuCB\label_deleteSpotCB.m --> bioweb.mit.edu /filelibrary/zurich/latestBuild/ct/ctgui/spLabel/labelguimenuCB label_deleteSpotCB.m
2003.07.16 17:42 B d:\usr\dorn2\matlab\chromtrack\ct\ctgui\spLabel\labelguimenuCB\label_deletetpCB.m --> bioweb.mit.edu /filelibrary/zurich/latestBuild/ct/ctgui/spLabel/labelguimenuCB label_deletetpCB.m
2003.07.16 17:42 B d:\usr\dorn2\matlab\chromtrack\ct\ctgui\spLabel\labelguimenuCB\label_editlabelCB.m --> bioweb.mit.edu /filelibrary/zurich/latestBuild/ct/ctgui/spLabel/labelguimenuCB label_editlabelCB.m
2003.07.16 17:42 B d:\usr\dorn2\matlab\chromtrack\ct\ctgui\spLabel\labelguimenuCB\label_editlabelistCB.m --> bioweb.mit.edu /filelibrary/zurich/latestBuild/ct/ctgui/spLabel/labelguimenuCB label_editlabelistCB.m
2003.07.16 17:42 B d:\usr\dorn2\matlab\chromtrack\ct\ctgui\spLabel\labelguimenuCB\label_loadCB.m --> bioweb.mit.edu /filelibrary/zurich/latestBuild/ct/ctgui/spLabel/labelguimenuCB label_loadCB.m
2003.07.16 17:42 B d:\usr\dorn2\matlab\chromtrack\ct\ctgui\spLabel\labelguimenuCB\label_loadmovieCB.m --> bioweb.mit.edu /filelibrary/zurich/latestBuild/ct/ctgui/spLabel/labelguimenuCB label_loadmovieCB.m
2003.07.16 17:42 B d:\usr\dorn2\matlab\chromtrack\ct\ctgui\spLabel\labelguimenuCB\label_loadslistCB.m --> bioweb.mit.edu /filelibrary/zurich/latestBuild/ct/ctgui/spLabel/labelguimenuCB label_loadslistCB.m
2003.07.16 17:42 B d:\usr\dorn2\matlab\chromtrack\ct\ctgui\spLabel\labelguimenuCB\label_recalcconnections.m --> bioweb.mit.edu /filelibrary/zurich/latestBuild/ct/ctgui/spLabel/labelguimenuCB label_recalcconnections.m
2003.07.16 17:42 B d:\usr\dorn2\matlab\chromtrack\ct\ctgui\spLabel\labelguimenuCB\label_recoverTimePointCB.m --> bioweb.mit.edu /filelibrary/zurich/latestBuild/ct/ctgui/spLabel/labelguimenuCB label_recoverTimePointCB.m
2003.07.16 17:42 B d:\usr\dorn2\matlab\chromtrack\ct\ctgui\spLabel\labelguimenuCB\label_refreshXZYZ.m --> bioweb.mit.edu /filelibrary/zurich/latestBuild/ct/ctgui/spLabel/labelguimenuCB label_refreshXZYZ.m
2003.07.16 17:42 B d:\usr\dorn2\matlab\chromtrack\ct\ctgui\spLabel\labelguimenuCB\label_reload_idlistCB.m --> bioweb.mit.edu /filelibrary/zurich/latestBuild/ct/ctgui/spLabel/labelguimenuCB label_reload_idlistCB.m
2003.07.16 17:42 B d:\usr\dorn2\matlab\chromtrack\ct\ctgui\spLabel\labelguimenuCB\label_saveslistCB.m --> bioweb.mit.edu /filelibrary/zurich/latestBuild/ct/ctgui/spLabel/labelguimenuCB label_saveslistCB.m
2003.07.16 17:42 B d:\usr\dorn2\matlab\chromtrack\ct\ctgui\spLabel\labelguimenuCB\label_showIntFig.m --> bioweb.mit.edu /filelibrary/zurich/latestBuild/ct/ctgui/spLabel/labelguimenuCB label_showIntFig.m
2003.07.16 17:42 B d:\usr\dorn2\matlab\chromtrack\ct\ctgui\spLabel\labelguimenuCB\label_showMovieData.m --> bioweb.mit.edu /filelibrary/zurich/latestBuild/ct/ctgui/spLabel/labelguimenuCB label_showMovieData.m
2003.07.16 17:42 B d:\usr\dorn2\matlab\chromtrack\ct\ctgui\spLabel\labelguimenuCB\label_showXZYZ_CB.m --> bioweb.mit.edu /filelibrary/zurich/latestBuild/ct/ctgui/spLabel/labelguimenuCB label_showXZYZ_CB.m
2003.07.16 17:42 B d:\usr\dorn2\matlab\chromtrack\ct\ctgui\spLabel\labelguimenuCB\poplistboxCB.m --> bioweb.mit.edu /filelibrary/zurich/latestBuild/ct/ctgui/spLabel/labelguimenuCB poplistboxCB.m
2003.07.16 17:42 B d:\usr\dorn2\matlab\chromtrack\ct\ctgui\spLabel\labelguimenuCB\popuphere.m --> bioweb.mit.edu /filelibrary/zurich/latestBuild/ct/ctgui/spLabel/labelguimenuCB popuphere.m
2003.07.16 17:42 B d:\usr\dorn2\matlab\chromtrack\ct\ctgui\spLabel\labelguimenuCB\WS_FTP.LOG --> bioweb.mit.edu /filelibrary/zurich/latestBuild/ct/ctgui/spLabel/labelguimenuCB WS_FTP.LOG
2003.07.18 14:56 B d:\usr\dorn2\matlab\chromtrack\ct\ctgui\spLabel\labelguimenuCB\label_deleteSpotCB.m --> bioweb.mit.edu /filelibrary/zurich/latest build/ct/ctgui/spLabel/labelguimenuCB label_deleteSpotCB.m
2003.07.18 14:56 B d:\usr\dorn2\matlab\chromtrack\ct\ctgui\spLabel\labelguimenuCB\label_deletetpCB.m --> bioweb.mit.edu /filelibrary/zurich/latest build/ct/ctgui/spLabel/labelguimenuCB label_deletetpCB.m
2003.07.18 14:56 B d:\usr\dorn2\matlab\chromtrack\ct\ctgui\spLabel\labelguimenuCB\label_editlabelCB.m --> bioweb.mit.edu /filelibrary/zurich/latest build/ct/ctgui/spLabel/labelguimenuCB label_editlabelCB.m
2003.07.18 14:56 B d:\usr\dorn2\matlab\chromtrack\ct\ctgui\spLabel\labelguimenuCB\label_editlabelistCB.m --> bioweb.mit.edu /filelibrary/zurich/latest build/ct/ctgui/spLabel/labelguimenuCB label_editlabelistCB.m
2003.07.18 14:56 B d:\usr\dorn2\matlab\chromtrack\ct\ctgui\spLabel\labelguimenuCB\label_loadCB.m --> bioweb.mit.edu /filelibrary/zurich/latest build/ct/ctgui/spLabel/labelguimenuCB label_loadCB.m
2003.07.18 14:56 B d:\usr\dorn2\matlab\chromtrack\ct\ctgui\spLabel\labelguimenuCB\label_loadmovieCB.m --> bioweb.mit.edu /filelibrary/zurich/latest build/ct/ctgui/spLabel/labelguimenuCB label_loadmovieCB.m
2003.07.18 14:56 B d:\usr\dorn2\matlab\chromtrack\ct\ctgui\spLabel\labelguimenuCB\label_loadslistCB.m --> bioweb.mit.edu /filelibrary/zurich/latest build/ct/ctgui/spLabel/labelguimenuCB label_loadslistCB.m
2003.07.18 14:56 B d:\usr\dorn2\matlab\chromtrack\ct\ctgui\spLabel\labelguimenuCB\label_recalcconnections.m --> bioweb.mit.edu /filelibrary/zurich/latest build/ct/ctgui/spLabel/labelguimenuCB label_recalcconnections.m
2003.07.18 14:56 B d:\usr\dorn2\matlab\chromtrack\ct\ctgui\spLabel\labelguimenuCB\label_recoverTimePointCB.m --> bioweb.mit.edu /filelibrary/zurich/latest build/ct/ctgui/spLabel/labelguimenuCB label_recoverTimePointCB.m
2003.07.18 14:56 B d:\usr\dorn2\matlab\chromtrack\ct\ctgui\spLabel\labelguimenuCB\label_refreshXZYZ.m --> bioweb.mit.edu /filelibrary/zurich/latest build/ct/ctgui/spLabel/labelguimenuCB label_refreshXZYZ.m
2003.07.18 14:56 B d:\usr\dorn2\matlab\chromtrack\ct\ctgui\spLabel\labelguimenuCB\label_reload_idlistCB.m --> bioweb.mit.edu /filelibrary/zurich/latest build/ct/ctgui/spLabel/labelguimenuCB label_reload_idlistCB.m
2003.07.18 14:56 B d:\usr\dorn2\matlab\chromtrack\ct\ctgui\spLabel\labelguimenuCB\label_saveslistCB.m --> bioweb.mit.edu /filelibrary/zurich/latest build/ct/ctgui/spLabel/labelguimenuCB label_saveslistCB.m
2003.07.18 14:56 B d:\usr\dorn2\matlab\chromtrack\ct\ctgui\spLabel\labelguimenuCB\label_showIntFig.m --> bioweb.mit.edu /filelibrary/zurich/latest build/ct/ctgui/spLabel/labelguimenuCB label_showIntFig.m
2003.07.18 14:56 B d:\usr\dorn2\matlab\chromtrack\ct\ctgui\spLabel\labelguimenuCB\label_showMovieData.m --> bioweb.mit.edu /filelibrary/zurich/latest build/ct/ctgui/spLabel/labelguimenuCB label_showMovieData.m
2003.07.18 14:56 B d:\usr\dorn2\matlab\chromtrack\ct\ctgui\spLabel\labelguimenuCB\label_showXZYZ_CB.m --> bioweb.mit.edu /filelibrary/zurich/latest build/ct/ctgui/spLabel/labelguimenuCB label_showXZYZ_CB.m
2003.07.18 14:56 B d:\usr\dorn2\matlab\chromtrack\ct\ctgui\spLabel\labelguimenuCB\poplistboxCB.m --> bioweb.mit.edu /filelibrary/zurich/latest build/ct/ctgui/spLabel/labelguimenuCB poplistboxCB.m
2003.07.18 14:56 B d:\usr\dorn2\matlab\chromtrack\ct\ctgui\spLabel\labelguimenuCB\popuphere.m --> bioweb.mit.edu /filelibrary/zurich/latest build/ct/ctgui/spLabel/labelguimenuCB popuphere.m
2003.07.18 14:56 B d:\usr\dorn2\matlab\chromtrack\ct\ctgui\spLabel\labelguimenuCB\WS_FTP.LOG --> bioweb.mit.edu /filelibrary/zurich/latest build/ct/ctgui/spLabel/labelguimenuCB WS_FTP.LOG
