2003.07.16 17:41 B d:\usr\dorn2\matlab\chromtrack\ct\utils\iofun\putDataFiles.m --> bioweb.mit.edu /filelibrary/zurich/latestBuild/ct/AMG/spotDetector/utils/iofun putDataFiles.m
2003.07.16 17:41 B d:\usr\dorn2\matlab\chromtrack\ct\utils\iofun\r3dread.m --> bioweb.mit.edu /filelibrary/zurich/latestBuild/ct/AMG/spotDetector/utils/iofun r3dread.m
2003.07.16 17:41 B d:\usr\dorn2\matlab\chromtrack\ct\utils\iofun\readmat.m --> bioweb.mit.edu /filelibrary/zurich/latestBuild/ct/AMG/spotDetector/utils/iofun readmat.m
2003.07.16 17:41 B d:\usr\dorn2\matlab\chromtrack\ct\utils\iofun\readptk.m --> bioweb.mit.edu /filelibrary/zurich/latestBuild/ct/AMG/spotDetector/utils/iofun readptk.m
2003.07.16 17:41 B d:\usr\dorn2\matlab\chromtrack\ct\utils\iofun\readr3dheader.m --> bioweb.mit.edu /filelibrary/zurich/latestBuild/ct/AMG/spotDetector/utils/iofun readr3dheader.m
2003.07.16 17:41 B d:\usr\dorn2\matlab\chromtrack\ct\utils\iofun\savespots.m --> bioweb.mit.edu /filelibrary/zurich/latestBuild/ct/AMG/spotDetector/utils/iofun savespots.m
2003.07.16 17:41 B d:\usr\dorn2\matlab\chromtrack\ct\utils\iofun\writemat.m --> bioweb.mit.edu /filelibrary/zurich/latestBuild/ct/AMG/spotDetector/utils/iofun writemat.m
2003.07.16 17:41 B d:\usr\dorn2\matlab\chromtrack\ct\utils\iofun\putDataFiles.m --> bioweb.mit.edu /filelibrary/zurich/latestBuild/ct/AMG/utils/iofun putDataFiles.m
2003.07.16 17:41 B d:\usr\dorn2\matlab\chromtrack\ct\utils\iofun\r3dread.m --> bioweb.mit.edu /filelibrary/zurich/latestBuild/ct/AMG/utils/iofun r3dread.m
2003.07.16 17:41 B d:\usr\dorn2\matlab\chromtrack\ct\utils\iofun\readmat.m --> bioweb.mit.edu /filelibrary/zurich/latestBuild/ct/AMG/utils/iofun readmat.m
2003.07.16 17:41 B d:\usr\dorn2\matlab\chromtrack\ct\utils\iofun\readptk.m --> bioweb.mit.edu /filelibrary/zurich/latestBuild/ct/AMG/utils/iofun readptk.m
2003.07.16 17:41 B d:\usr\dorn2\matlab\chromtrack\ct\utils\iofun\readr3dheader.m --> bioweb.mit.edu /filelibrary/zurich/latestBuild/ct/AMG/utils/iofun readr3dheader.m
2003.07.16 17:41 B d:\usr\dorn2\matlab\chromtrack\ct\utils\iofun\savespots.m --> bioweb.mit.edu /filelibrary/zurich/latestBuild/ct/AMG/utils/iofun savespots.m
2003.07.16 17:41 B d:\usr\dorn2\matlab\chromtrack\ct\utils\iofun\writemat.m --> bioweb.mit.edu /filelibrary/zurich/latestBuild/ct/AMG/utils/iofun writemat.m
2003.07.16 17:41 B d:\usr\dorn2\matlab\chromtrack\ct\utils\iofun\WS_FTP.LOG --> bioweb.mit.edu /filelibrary/zurich/latestBuild/ct/AMG/utils/iofun WS_FTP.LOG
2003.07.16 17:43 B d:\usr\dorn2\matlab\chromtrack\ct\utils\iofun\putDataFiles.m --> bioweb.mit.edu /filelibrary/zurich/latestBuild/ct/utils/iofun putDataFiles.m
2003.07.16 17:43 B d:\usr\dorn2\matlab\chromtrack\ct\utils\iofun\r3dread.m --> bioweb.mit.edu /filelibrary/zurich/latestBuild/ct/utils/iofun r3dread.m
2003.07.16 17:43 B d:\usr\dorn2\matlab\chromtrack\ct\utils\iofun\readmat.m --> bioweb.mit.edu /filelibrary/zurich/latestBuild/ct/utils/iofun readmat.m
2003.07.16 17:43 B d:\usr\dorn2\matlab\chromtrack\ct\utils\iofun\readptk.m --> bioweb.mit.edu /filelibrary/zurich/latestBuild/ct/utils/iofun readptk.m
2003.07.16 17:43 B d:\usr\dorn2\matlab\chromtrack\ct\utils\iofun\readr3dheader.m --> bioweb.mit.edu /filelibrary/zurich/latestBuild/ct/utils/iofun readr3dheader.m
2003.07.16 17:43 B d:\usr\dorn2\matlab\chromtrack\ct\utils\iofun\savespots.m --> bioweb.mit.edu /filelibrary/zurich/latestBuild/ct/utils/iofun savespots.m
2003.07.16 17:43 B d:\usr\dorn2\matlab\chromtrack\ct\utils\iofun\writemat.m --> bioweb.mit.edu /filelibrary/zurich/latestBuild/ct/utils/iofun writemat.m
2003.07.16 17:43 B d:\usr\dorn2\matlab\chromtrack\ct\utils\iofun\WS_FTP.LOG --> bioweb.mit.edu /filelibrary/zurich/latestBuild/ct/utils/iofun WS_FTP.LOG
2003.07.18 14:57 B d:\usr\dorn2\matlab\chromtrack\ct\utils\iofun\putDataFiles.m --> bioweb.mit.edu /filelibrary/zurich/latest build/ct/utils/iofun putDataFiles.m
2003.07.18 14:57 B d:\usr\dorn2\matlab\chromtrack\ct\utils\iofun\r3dread.m --> bioweb.mit.edu /filelibrary/zurich/latest build/ct/utils/iofun r3dread.m
2003.07.18 14:57 B d:\usr\dorn2\matlab\chromtrack\ct\utils\iofun\readmat.m --> bioweb.mit.edu /filelibrary/zurich/latest build/ct/utils/iofun readmat.m
2003.07.18 14:57 B d:\usr\dorn2\matlab\chromtrack\ct\utils\iofun\readptk.m --> bioweb.mit.edu /filelibrary/zurich/latest build/ct/utils/iofun readptk.m
2003.07.18 14:57 B d:\usr\dorn2\matlab\chromtrack\ct\utils\iofun\readr3dheader.m --> bioweb.mit.edu /filelibrary/zurich/latest build/ct/utils/iofun readr3dheader.m
2003.07.18 14:57 B d:\usr\dorn2\matlab\chromtrack\ct\utils\iofun\savespots.m --> bioweb.mit.edu /filelibrary/zurich/latest build/ct/utils/iofun savespots.m
2003.07.18 14:57 B d:\usr\dorn2\matlab\chromtrack\ct\utils\iofun\writemat.m --> bioweb.mit.edu /filelibrary/zurich/latest build/ct/utils/iofun writemat.m
2003.07.18 14:57 B d:\usr\dorn2\matlab\chromtrack\ct\utils\iofun\WS_FTP.LOG --> bioweb.mit.edu /filelibrary/zurich/latest build/ct/utils/iofun WS_FTP.LOG
