cd /home2/azaritsky/code/applications/monolayer/jobDistributionScriptHall


commandline arguments:
/home2/azaritsky/code/applications/monolayer/jobDistributionScriptHall
runHallOneAtATime
2

matlab -nodisplay -nodesktop -nosplash -singleCompThread -r runHallOneAtATime(2), exit


                            < M A T L A B (R) >
                  Copyright 1984-2015 The MathWorks, Inc.
           R2015a Service Pack 1 (8.5.1.281278) 64-bit (glnxa64)
                             September 23, 2015

 
To get started, type one of these: helpwin, helpdesk, or demo.
For product information, visit www.mathworks.com.
 

	Academic License

processing Yunyu_20131123_20hr_5min_2013_0001_AA01_02
start kymographs
start plot std kymographs
[Warning: MATLAB cannot use OpenGL for printing when started with the
'-nodisplay' option.] 
[> In inputcheck (line 143)
  In print (line 156)
  In print2eps_biohpc (line 231)
  In export_fig_biohpc (line 605)
  In whKymographsStd>plotKymograph (line 128)
  In whKymographsStd>generateDirectionalMigrationKymographStd (line 97)
  In whKymographsStd (line 8)
  In whProcessTimeLapse (line 40)
  In runHallOneAtATime (line 59)] 
finish plot kymographs
