2003.07.16 17:40 B d:\usr\dorn2\matlab\chromtrack\ct\ctgui\r3dview3D\r3dview3DCB\drawr3dview3d.m --> bioweb.mit.edu /filelibrary/zurich/latestBuild/ct/AMG/spotDetector/ctgui/r3dview3D/r3dview3DCB drawr3dview3d.m
2003.07.16 17:40 B d:\usr\dorn2\matlab\chromtrack\ct\ctgui\r3dview3D\r3dview3DCB\thresEdit3DCB.m --> bioweb.mit.edu /filelibrary/zurich/latestBuild/ct/AMG/spotDetector/ctgui/r3dview3D/r3dview3DCB thresEdit3DCB.m
2003.07.16 17:40 B d:\usr\dorn2\matlab\chromtrack\ct\ctgui\r3dview3D\r3dview3DCB\thresSlide3DCB.m --> bioweb.mit.edu /filelibrary/zurich/latestBuild/ct/AMG/spotDetector/ctgui/r3dview3D/r3dview3DCB thresSlide3DCB.m
2003.07.16 17:40 B d:\usr\dorn2\matlab\chromtrack\ct\ctgui\r3dview3D\r3dview3DCB\timeEdit3DCB.m --> bioweb.mit.edu /filelibrary/zurich/latestBuild/ct/AMG/spotDetector/ctgui/r3dview3D/r3dview3DCB timeEdit3DCB.m
2003.07.16 17:40 B d:\usr\dorn2\matlab\chromtrack\ct\ctgui\r3dview3D\r3dview3DCB\timeSlide3DCB.m --> bioweb.mit.edu /filelibrary/zurich/latestBuild/ct/AMG/spotDetector/ctgui/r3dview3D/r3dview3DCB timeSlide3DCB.m
2003.07.16 17:40 B d:\usr\dorn2\matlab\chromtrack\ct\ctgui\r3dview3D\r3dview3DCB\waveEdit3DCB.m --> bioweb.mit.edu /filelibrary/zurich/latestBuild/ct/AMG/spotDetector/ctgui/r3dview3D/r3dview3DCB waveEdit3DCB.m
2003.07.16 17:42 B d:\usr\dorn2\matlab\chromtrack\ct\ctgui\r3dview3D\r3dview3DCB\drawr3dview3d.m --> bioweb.mit.edu /filelibrary/zurich/latestBuild/ct/ctgui/r3dview3D/r3dview3DCB drawr3dview3d.m
2003.07.16 17:42 B d:\usr\dorn2\matlab\chromtrack\ct\ctgui\r3dview3D\r3dview3DCB\thresEdit3DCB.m --> bioweb.mit.edu /filelibrary/zurich/latestBuild/ct/ctgui/r3dview3D/r3dview3DCB thresEdit3DCB.m
2003.07.16 17:42 B d:\usr\dorn2\matlab\chromtrack\ct\ctgui\r3dview3D\r3dview3DCB\thresSlide3DCB.m --> bioweb.mit.edu /filelibrary/zurich/latestBuild/ct/ctgui/r3dview3D/r3dview3DCB thresSlide3DCB.m
2003.07.16 17:42 B d:\usr\dorn2\matlab\chromtrack\ct\ctgui\r3dview3D\r3dview3DCB\timeEdit3DCB.m --> bioweb.mit.edu /filelibrary/zurich/latestBuild/ct/ctgui/r3dview3D/r3dview3DCB timeEdit3DCB.m
2003.07.16 17:42 B d:\usr\dorn2\matlab\chromtrack\ct\ctgui\r3dview3D\r3dview3DCB\timeSlide3DCB.m --> bioweb.mit.edu /filelibrary/zurich/latestBuild/ct/ctgui/r3dview3D/r3dview3DCB timeSlide3DCB.m
2003.07.16 17:42 B d:\usr\dorn2\matlab\chromtrack\ct\ctgui\r3dview3D\r3dview3DCB\waveEdit3DCB.m --> bioweb.mit.edu /filelibrary/zurich/latestBuild/ct/ctgui/r3dview3D/r3dview3DCB waveEdit3DCB.m
2003.07.16 17:42 B d:\usr\dorn2\matlab\chromtrack\ct\ctgui\r3dview3D\r3dview3DCB\WS_FTP.LOG --> bioweb.mit.edu /filelibrary/zurich/latestBuild/ct/ctgui/r3dview3D/r3dview3DCB WS_FTP.LOG
2003.07.18 14:55 B d:\usr\dorn2\matlab\chromtrack\ct\ctgui\r3dview3D\r3dview3DCB\drawr3dview3d.m --> bioweb.mit.edu /filelibrary/zurich/latest build/ct/ctgui/r3dview3D/r3dview3DCB drawr3dview3d.m
2003.07.18 14:55 B d:\usr\dorn2\matlab\chromtrack\ct\ctgui\r3dview3D\r3dview3DCB\thresEdit3DCB.m --> bioweb.mit.edu /filelibrary/zurich/latest build/ct/ctgui/r3dview3D/r3dview3DCB thresEdit3DCB.m
2003.07.18 14:55 B d:\usr\dorn2\matlab\chromtrack\ct\ctgui\r3dview3D\r3dview3DCB\thresSlide3DCB.m --> bioweb.mit.edu /filelibrary/zurich/latest build/ct/ctgui/r3dview3D/r3dview3DCB thresSlide3DCB.m
2003.07.18 14:55 B d:\usr\dorn2\matlab\chromtrack\ct\ctgui\r3dview3D\r3dview3DCB\timeEdit3DCB.m --> bioweb.mit.edu /filelibrary/zurich/latest build/ct/ctgui/r3dview3D/r3dview3DCB timeEdit3DCB.m
2003.07.18 14:55 B d:\usr\dorn2\matlab\chromtrack\ct\ctgui\r3dview3D\r3dview3DCB\timeSlide3DCB.m --> bioweb.mit.edu /filelibrary/zurich/latest build/ct/ctgui/r3dview3D/r3dview3DCB timeSlide3DCB.m
2003.07.18 14:55 B d:\usr\dorn2\matlab\chromtrack\ct\ctgui\r3dview3D\r3dview3DCB\waveEdit3DCB.m --> bioweb.mit.edu /filelibrary/zurich/latest build/ct/ctgui/r3dview3D/r3dview3DCB waveEdit3DCB.m
2003.07.18 14:55 B d:\usr\dorn2\matlab\chromtrack\ct\ctgui\r3dview3D\r3dview3DCB\WS_FTP.LOG --> bioweb.mit.edu /filelibrary/zurich/latest build/ct/ctgui/r3dview3D/r3dview3DCB WS_FTP.LOG
